+ 1 0 1 tcp 40 ------- 1 0.0 3.0 0 0
- 1 0 1 tcp 40 ------- 1 0.0 3.0 0 0
r 1.010032 0 1 tcp 40 ------- 1 0.0 3.0 0 0
+ 1.010032 1 2 tcp 40 ------- 1 0.0 3.0 0 0
- 1.010032 1 2 tcp 40 ------- 1 0.0 3.0 0 0
r 2.010064 1 2 tcp 40 ------- 1 0.0 3.0 0 0
+ 2.010064 2 3 tcp 40 ------- 1 0.0 3.0 0 0
- 2.010064 2 3 tcp 40 ------- 1 0.0 3.0 0 0
r 2.020096 2 3 tcp 40 ------- 1 0.0 3.0 0 0
+ 2.020096 3 2 ack 40 ------- 1 3.0 0.0 0 1
- 2.020096 3 2 ack 40 ------- 1 3.0 0.0 0 1
r 2.030128 3 2 ack 40 ------- 1 3.0 0.0 0 1
+ 2.030128 2 1 ack 40 ------- 1 3.0 0.0 0 1
- 2.030128 2 1 ack 40 ------- 1 3.0 0.0 0 1
r 3.03016 2 1 ack 40 ------- 1 3.0 0.0 0 1
+ 3.03016 1 0 ack 40 ------- 1 3.0 0.0 0 1
- 3.03016 1 0 ack 40 ------- 1 3.0 0.0 0 1
r 3.040192 1 0 ack 40 ------- 1 3.0 0.0 0 1
+ 3.040192 0 1 tcp 1040 ------- 1 0.0 3.0 1 2
- 3.040192 0 1 tcp 1040 ------- 1 0.0 3.0 1 2
+ 3.040192 0 1 tcp 1040 ------- 1 0.0 3.0 2 3
- 3.041024 0 1 tcp 1040 ------- 1 0.0 3.0 2 3
r 3.051024 0 1 tcp 1040 ------- 1 0.0 3.0 1 2
+ 3.051024 1 2 tcp 1040 ------- 1 0.0 3.0 1 2
- 3.051024 1 2 tcp 1040 ------- 1 0.0 3.0 1 2
r 3.051856 0 1 tcp 1040 ------- 1 0.0 3.0 2 3
+ 3.051856 1 2 tcp 1040 ------- 1 0.0 3.0 2 3
- 3.051856 1 2 tcp 1040 ------- 1 0.0 3.0 2 3
r 4.051856 1 2 tcp 1040 ------- 1 0.0 3.0 1 2
+ 4.051856 2 3 tcp 1040 ------- 1 0.0 3.0 1 2
- 4.051856 2 3 tcp 1040 ------- 1 0.0 3.0 1 2
r 4.052688 1 2 tcp 1040 ------- 1 0.0 3.0 2 3
+ 4.052688 2 3 tcp 1040 ------- 1 0.0 3.0 2 3
- 4.052688 2 3 tcp 1040 ------- 1 0.0 3.0 2 3
r 4.062688 2 3 tcp 1040 ------- 1 0.0 3.0 1 2
+ 4.062688 3 2 ack 40 ------- 1 3.0 0.0 1 4
- 4.062688 3 2 ack 40 ------- 1 3.0 0.0 1 4
r 4.06352 2 3 tcp 1040 ------- 1 0.0 3.0 2 3
+ 4.06352 3 2 ack 40 ------- 1 3.0 0.0 2 5
- 4.06352 3 2 ack 40 ------- 1 3.0 0.0 2 5
r 4.07272 3 2 ack 40 ------- 1 3.0 0.0 1 4
+ 4.07272 2 1 ack 40 ------- 1 3.0 0.0 1 4
- 4.07272 2 1 ack 40 ------- 1 3.0 0.0 1 4
r 4.073552 3 2 ack 40 ------- 1 3.0 0.0 2 5
+ 4.073552 2 1 ack 40 ------- 1 3.0 0.0 2 5
- 4.073552 2 1 ack 40 ------- 1 3.0 0.0 2 5
r 5.072752 2 1 ack 40 ------- 1 3.0 0.0 1 4
+ 5.072752 1 0 ack 40 ------- 1 3.0 0.0 1 4
- 5.072752 1 0 ack 40 ------- 1 3.0 0.0 1 4
r 5.073584 2 1 ack 40 ------- 1 3.0 0.0 2 5
+ 5.073584 1 0 ack 40 ------- 1 3.0 0.0 2 5
- 5.073584 1 0 ack 40 ------- 1 3.0 0.0 2 5
r 5.082784 1 0 ack 40 ------- 1 3.0 0.0 1 4
+ 5.082784 0 1 tcp 1040 ------- 1 0.0 3.0 3 6
- 5.082784 0 1 tcp 1040 ------- 1 0.0 3.0 3 6
+ 5.082784 0 1 tcp 1040 ------- 1 0.0 3.0 4 7
- 5.083616 0 1 tcp 1040 ------- 1 0.0 3.0 4 7
r 5.083616 1 0 ack 40 ------- 1 3.0 0.0 2 5
+ 5.083616 0 1 tcp 1040 ------- 1 0.0 3.0 5 8
+ 5.083616 0 1 tcp 1040 ------- 1 0.0 3.0 6 9
- 5.084448 0 1 tcp 1040 ------- 1 0.0 3.0 5 8
- 5.08528 0 1 tcp 1040 ------- 1 0.0 3.0 6 9
r 5.093616 0 1 tcp 1040 ------- 1 0.0 3.0 3 6
+ 5.093616 1 2 tcp 1040 ------- 1 0.0 3.0 3 6
- 5.093616 1 2 tcp 1040 ------- 1 0.0 3.0 3 6
r 5.094448 0 1 tcp 1040 ------- 1 0.0 3.0 4 7
+ 5.094448 1 2 tcp 1040 ------- 1 0.0 3.0 4 7
- 5.094448 1 2 tcp 1040 ------- 1 0.0 3.0 4 7
r 5.09528 0 1 tcp 1040 ------- 1 0.0 3.0 5 8
+ 5.09528 1 2 tcp 1040 ------- 1 0.0 3.0 5 8
- 5.09528 1 2 tcp 1040 ------- 1 0.0 3.0 5 8
r 5.096112 0 1 tcp 1040 ------- 1 0.0 3.0 6 9
+ 5.096112 1 2 tcp 1040 ------- 1 0.0 3.0 6 9
- 5.096112 1 2 tcp 1040 ------- 1 0.0 3.0 6 9
r 6.094448 1 2 tcp 1040 ------- 1 0.0 3.0 3 6
+ 6.094448 2 3 tcp 1040 ------- 1 0.0 3.0 3 6
- 6.094448 2 3 tcp 1040 ------- 1 0.0 3.0 3 6
r 6.09528 1 2 tcp 1040 ------- 1 0.0 3.0 4 7
+ 6.09528 2 3 tcp 1040 ------- 1 0.0 3.0 4 7
- 6.09528 2 3 tcp 1040 ------- 1 0.0 3.0 4 7
r 6.096112 1 2 tcp 1040 ------- 1 0.0 3.0 5 8
+ 6.096112 2 3 tcp 1040 ------- 1 0.0 3.0 5 8
- 6.096112 2 3 tcp 1040 ------- 1 0.0 3.0 5 8
r 6.096944 1 2 tcp 1040 ------- 1 0.0 3.0 6 9
+ 6.096944 2 3 tcp 1040 ------- 1 0.0 3.0 6 9
- 6.096944 2 3 tcp 1040 ------- 1 0.0 3.0 6 9
r 6.10528 2 3 tcp 1040 ------- 1 0.0 3.0 3 6
+ 6.10528 3 2 ack 40 ------- 1 3.0 0.0 3 10
- 6.10528 3 2 ack 40 ------- 1 3.0 0.0 3 10
r 6.106112 2 3 tcp 1040 ------- 1 0.0 3.0 4 7
+ 6.106112 3 2 ack 40 ------- 1 3.0 0.0 4 11
- 6.106112 3 2 ack 40 ------- 1 3.0 0.0 4 11
r 6.106944 2 3 tcp 1040 ------- 1 0.0 3.0 5 8
+ 6.106944 3 2 ack 40 ------- 1 3.0 0.0 5 12
- 6.106944 3 2 ack 40 ------- 1 3.0 0.0 5 12
r 6.107776 2 3 tcp 1040 ------- 1 0.0 3.0 6 9
+ 6.107776 3 2 ack 40 ------- 1 3.0 0.0 6 13
- 6.107776 3 2 ack 40 ------- 1 3.0 0.0 6 13
r 6.115312 3 2 ack 40 ------- 1 3.0 0.0 3 10
+ 6.115312 2 1 ack 40 ------- 1 3.0 0.0 3 10
- 6.115312 2 1 ack 40 ------- 1 3.0 0.0 3 10
r 6.116144 3 2 ack 40 ------- 1 3.0 0.0 4 11
+ 6.116144 2 1 ack 40 ------- 1 3.0 0.0 4 11
- 6.116144 2 1 ack 40 ------- 1 3.0 0.0 4 11
r 6.116976 3 2 ack 40 ------- 1 3.0 0.0 5 12
+ 6.116976 2 1 ack 40 ------- 1 3.0 0.0 5 12
- 6.116976 2 1 ack 40 ------- 1 3.0 0.0 5 12
r 6.117808 3 2 ack 40 ------- 1 3.0 0.0 6 13
+ 6.117808 2 1 ack 40 ------- 1 3.0 0.0 6 13
- 6.117808 2 1 ack 40 ------- 1 3.0 0.0 6 13
r 7.115344 2 1 ack 40 ------- 1 3.0 0.0 3 10
+ 7.115344 1 0 ack 40 ------- 1 3.0 0.0 3 10
- 7.115344 1 0 ack 40 ------- 1 3.0 0.0 3 10
r 7.116176 2 1 ack 40 ------- 1 3.0 0.0 4 11
+ 7.116176 1 0 ack 40 ------- 1 3.0 0.0 4 11
- 7.116176 1 0 ack 40 ------- 1 3.0 0.0 4 11
r 7.117008 2 1 ack 40 ------- 1 3.0 0.0 5 12
+ 7.117008 1 0 ack 40 ------- 1 3.0 0.0 5 12
- 7.117008 1 0 ack 40 ------- 1 3.0 0.0 5 12
r 7.11784 2 1 ack 40 ------- 1 3.0 0.0 6 13
+ 7.11784 1 0 ack 40 ------- 1 3.0 0.0 6 13
- 7.11784 1 0 ack 40 ------- 1 3.0 0.0 6 13
r 7.125376 1 0 ack 40 ------- 1 3.0 0.0 3 10
+ 7.125376 0 1 tcp 1040 ------- 1 0.0 3.0 7 14
- 7.125376 0 1 tcp 1040 ------- 1 0.0 3.0 7 14
+ 7.125376 0 1 tcp 1040 ------- 1 0.0 3.0 8 15
r 7.126208 1 0 ack 40 ------- 1 3.0 0.0 4 11
+ 7.126208 0 1 tcp 1040 ------- 1 0.0 3.0 9 16
+ 7.126208 0 1 tcp 1040 ------- 1 0.0 3.0 10 17
- 7.126208 0 1 tcp 1040 ------- 1 0.0 3.0 8 15
r 7.12704 1 0 ack 40 ------- 1 3.0 0.0 5 12
+ 7.12704 0 1 tcp 1040 ------- 1 0.0 3.0 11 18
+ 7.12704 0 1 tcp 1040 ------- 1 0.0 3.0 12 19
- 7.12704 0 1 tcp 1040 ------- 1 0.0 3.0 9 16
r 7.127872 1 0 ack 40 ------- 1 3.0 0.0 6 13
+ 7.127872 0 1 tcp 1040 ------- 1 0.0 3.0 13 20
+ 7.127872 0 1 tcp 1040 ------- 1 0.0 3.0 14 21
- 7.127872 0 1 tcp 1040 ------- 1 0.0 3.0 10 17
- 7.128704 0 1 tcp 1040 ------- 1 0.0 3.0 11 18
- 7.129536 0 1 tcp 1040 ------- 1 0.0 3.0 12 19
- 7.130368 0 1 tcp 1040 ------- 1 0.0 3.0 13 20
- 7.1312 0 1 tcp 1040 ------- 1 0.0 3.0 14 21
r 7.136208 0 1 tcp 1040 ------- 1 0.0 3.0 7 14
+ 7.136208 1 2 tcp 1040 ------- 1 0.0 3.0 7 14
- 7.136208 1 2 tcp 1040 ------- 1 0.0 3.0 7 14
r 7.13704 0 1 tcp 1040 ------- 1 0.0 3.0 8 15
+ 7.13704 1 2 tcp 1040 ------- 1 0.0 3.0 8 15
- 7.13704 1 2 tcp 1040 ------- 1 0.0 3.0 8 15
r 7.137872 0 1 tcp 1040 ------- 1 0.0 3.0 9 16
+ 7.137872 1 2 tcp 1040 ------- 1 0.0 3.0 9 16
- 7.137872 1 2 tcp 1040 ------- 1 0.0 3.0 9 16
r 7.138704 0 1 tcp 1040 ------- 1 0.0 3.0 10 17
+ 7.138704 1 2 tcp 1040 ------- 1 0.0 3.0 10 17
- 7.138704 1 2 tcp 1040 ------- 1 0.0 3.0 10 17
r 7.139536 0 1 tcp 1040 ------- 1 0.0 3.0 11 18
+ 7.139536 1 2 tcp 1040 ------- 1 0.0 3.0 11 18
- 7.139536 1 2 tcp 1040 ------- 1 0.0 3.0 11 18
r 7.140368 0 1 tcp 1040 ------- 1 0.0 3.0 12 19
+ 7.140368 1 2 tcp 1040 ------- 1 0.0 3.0 12 19
- 7.140368 1 2 tcp 1040 ------- 1 0.0 3.0 12 19
r 7.1412 0 1 tcp 1040 ------- 1 0.0 3.0 13 20
+ 7.1412 1 2 tcp 1040 ------- 1 0.0 3.0 13 20
- 7.1412 1 2 tcp 1040 ------- 1 0.0 3.0 13 20
r 7.142032 0 1 tcp 1040 ------- 1 0.0 3.0 14 21
+ 7.142032 1 2 tcp 1040 ------- 1 0.0 3.0 14 21
- 7.142032 1 2 tcp 1040 ------- 1 0.0 3.0 14 21
r 8.13704 1 2 tcp 1040 ------- 1 0.0 3.0 7 14
+ 8.13704 2 3 tcp 1040 ------- 1 0.0 3.0 7 14
- 8.13704 2 3 tcp 1040 ------- 1 0.0 3.0 7 14
r 8.137872 1 2 tcp 1040 ------- 1 0.0 3.0 8 15
+ 8.137872 2 3 tcp 1040 ------- 1 0.0 3.0 8 15
- 8.137872 2 3 tcp 1040 ------- 1 0.0 3.0 8 15
r 8.138704 1 2 tcp 1040 ------- 1 0.0 3.0 9 16
+ 8.138704 2 3 tcp 1040 ------- 1 0.0 3.0 9 16
- 8.138704 2 3 tcp 1040 ------- 1 0.0 3.0 9 16
r 8.139536 1 2 tcp 1040 ------- 1 0.0 3.0 10 17
+ 8.139536 2 3 tcp 1040 ------- 1 0.0 3.0 10 17
- 8.139536 2 3 tcp 1040 ------- 1 0.0 3.0 10 17
r 8.140368 1 2 tcp 1040 ------- 1 0.0 3.0 11 18
+ 8.140368 2 3 tcp 1040 ------- 1 0.0 3.0 11 18
- 8.140368 2 3 tcp 1040 ------- 1 0.0 3.0 11 18
r 8.1412 1 2 tcp 1040 ------- 1 0.0 3.0 12 19
+ 8.1412 2 3 tcp 1040 ------- 1 0.0 3.0 12 19
- 8.1412 2 3 tcp 1040 ------- 1 0.0 3.0 12 19
r 8.142032 1 2 tcp 1040 ------- 1 0.0 3.0 13 20
+ 8.142032 2 3 tcp 1040 ------- 1 0.0 3.0 13 20
- 8.142032 2 3 tcp 1040 ------- 1 0.0 3.0 13 20
r 8.142864 1 2 tcp 1040 ------- 1 0.0 3.0 14 21
+ 8.142864 2 3 tcp 1040 ------- 1 0.0 3.0 14 21
- 8.142864 2 3 tcp 1040 ------- 1 0.0 3.0 14 21
r 8.147872 2 3 tcp 1040 ------- 1 0.0 3.0 7 14
+ 8.147872 3 2 ack 40 ------- 1 3.0 0.0 7 22
- 8.147872 3 2 ack 40 ------- 1 3.0 0.0 7 22
r 8.148704 2 3 tcp 1040 ------- 1 0.0 3.0 8 15
+ 8.148704 3 2 ack 40 ------- 1 3.0 0.0 8 23
- 8.148704 3 2 ack 40 ------- 1 3.0 0.0 8 23
r 8.149536 2 3 tcp 1040 ------- 1 0.0 3.0 9 16
+ 8.149536 3 2 ack 40 ------- 1 3.0 0.0 9 24
- 8.149536 3 2 ack 40 ------- 1 3.0 0.0 9 24
r 8.150368 2 3 tcp 1040 ------- 1 0.0 3.0 10 17
+ 8.150368 3 2 ack 40 ------- 1 3.0 0.0 10 25
- 8.150368 3 2 ack 40 ------- 1 3.0 0.0 10 25
r 8.1512 2 3 tcp 1040 ------- 1 0.0 3.0 11 18
+ 8.1512 3 2 ack 40 ------- 1 3.0 0.0 11 26
- 8.1512 3 2 ack 40 ------- 1 3.0 0.0 11 26
r 8.152032 2 3 tcp 1040 ------- 1 0.0 3.0 12 19
+ 8.152032 3 2 ack 40 ------- 1 3.0 0.0 12 27
- 8.152032 3 2 ack 40 ------- 1 3.0 0.0 12 27
r 8.152864 2 3 tcp 1040 ------- 1 0.0 3.0 13 20
+ 8.152864 3 2 ack 40 ------- 1 3.0 0.0 13 28
- 8.152864 3 2 ack 40 ------- 1 3.0 0.0 13 28
r 8.153696 2 3 tcp 1040 ------- 1 0.0 3.0 14 21
+ 8.153696 3 2 ack 40 ------- 1 3.0 0.0 14 29
- 8.153696 3 2 ack 40 ------- 1 3.0 0.0 14 29
r 8.157904 3 2 ack 40 ------- 1 3.0 0.0 7 22
+ 8.157904 2 1 ack 40 ------- 1 3.0 0.0 7 22
- 8.157904 2 1 ack 40 ------- 1 3.0 0.0 7 22
r 8.158736 3 2 ack 40 ------- 1 3.0 0.0 8 23
+ 8.158736 2 1 ack 40 ------- 1 3.0 0.0 8 23
- 8.158736 2 1 ack 40 ------- 1 3.0 0.0 8 23
r 8.159568 3 2 ack 40 ------- 1 3.0 0.0 9 24
+ 8.159568 2 1 ack 40 ------- 1 3.0 0.0 9 24
- 8.159568 2 1 ack 40 ------- 1 3.0 0.0 9 24
r 8.1604 3 2 ack 40 ------- 1 3.0 0.0 10 25
+ 8.1604 2 1 ack 40 ------- 1 3.0 0.0 10 25
- 8.1604 2 1 ack 40 ------- 1 3.0 0.0 10 25
r 8.161232 3 2 ack 40 ------- 1 3.0 0.0 11 26
+ 8.161232 2 1 ack 40 ------- 1 3.0 0.0 11 26
- 8.161232 2 1 ack 40 ------- 1 3.0 0.0 11 26
r 8.162064 3 2 ack 40 ------- 1 3.0 0.0 12 27
+ 8.162064 2 1 ack 40 ------- 1 3.0 0.0 12 27
- 8.162064 2 1 ack 40 ------- 1 3.0 0.0 12 27
r 8.162896 3 2 ack 40 ------- 1 3.0 0.0 13 28
+ 8.162896 2 1 ack 40 ------- 1 3.0 0.0 13 28
- 8.162896 2 1 ack 40 ------- 1 3.0 0.0 13 28
r 8.163728 3 2 ack 40 ------- 1 3.0 0.0 14 29
+ 8.163728 2 1 ack 40 ------- 1 3.0 0.0 14 29
- 8.163728 2 1 ack 40 ------- 1 3.0 0.0 14 29
r 9.157936 2 1 ack 40 ------- 1 3.0 0.0 7 22
+ 9.157936 1 0 ack 40 ------- 1 3.0 0.0 7 22
- 9.157936 1 0 ack 40 ------- 1 3.0 0.0 7 22
r 9.158768 2 1 ack 40 ------- 1 3.0 0.0 8 23
+ 9.158768 1 0 ack 40 ------- 1 3.0 0.0 8 23
- 9.158768 1 0 ack 40 ------- 1 3.0 0.0 8 23
r 9.1596 2 1 ack 40 ------- 1 3.0 0.0 9 24
+ 9.1596 1 0 ack 40 ------- 1 3.0 0.0 9 24
- 9.1596 1 0 ack 40 ------- 1 3.0 0.0 9 24
r 9.160432 2 1 ack 40 ------- 1 3.0 0.0 10 25
+ 9.160432 1 0 ack 40 ------- 1 3.0 0.0 10 25
- 9.160432 1 0 ack 40 ------- 1 3.0 0.0 10 25
r 9.161264 2 1 ack 40 ------- 1 3.0 0.0 11 26
+ 9.161264 1 0 ack 40 ------- 1 3.0 0.0 11 26
- 9.161264 1 0 ack 40 ------- 1 3.0 0.0 11 26
r 9.162096 2 1 ack 40 ------- 1 3.0 0.0 12 27
+ 9.162096 1 0 ack 40 ------- 1 3.0 0.0 12 27
- 9.162096 1 0 ack 40 ------- 1 3.0 0.0 12 27
r 9.162928 2 1 ack 40 ------- 1 3.0 0.0 13 28
+ 9.162928 1 0 ack 40 ------- 1 3.0 0.0 13 28
- 9.162928 1 0 ack 40 ------- 1 3.0 0.0 13 28
r 9.16376 2 1 ack 40 ------- 1 3.0 0.0 14 29
+ 9.16376 1 0 ack 40 ------- 1 3.0 0.0 14 29
- 9.16376 1 0 ack 40 ------- 1 3.0 0.0 14 29
r 9.167968 1 0 ack 40 ------- 1 3.0 0.0 7 22
+ 9.167968 0 1 tcp 1040 ------- 1 0.0 3.0 15 30
- 9.167968 0 1 tcp 1040 ------- 1 0.0 3.0 15 30
+ 9.167968 0 1 tcp 1040 ------- 1 0.0 3.0 16 31
r 9.1688 1 0 ack 40 ------- 1 3.0 0.0 8 23
+ 9.1688 0 1 tcp 1040 ------- 1 0.0 3.0 17 32
+ 9.1688 0 1 tcp 1040 ------- 1 0.0 3.0 18 33
- 9.1688 0 1 tcp 1040 ------- 1 0.0 3.0 16 31
r 9.169632 1 0 ack 40 ------- 1 3.0 0.0 9 24
+ 9.169632 0 1 tcp 1040 ------- 1 0.0 3.0 19 34
+ 9.169632 0 1 tcp 1040 ------- 1 0.0 3.0 20 35
- 9.169632 0 1 tcp 1040 ------- 1 0.0 3.0 17 32
r 9.170464 1 0 ack 40 ------- 1 3.0 0.0 10 25
+ 9.170464 0 1 tcp 1040 ------- 1 0.0 3.0 21 36
+ 9.170464 0 1 tcp 1040 ------- 1 0.0 3.0 22 37
- 9.170464 0 1 tcp 1040 ------- 1 0.0 3.0 18 33
r 9.171296 1 0 ack 40 ------- 1 3.0 0.0 11 26
+ 9.171296 0 1 tcp 1040 ------- 1 0.0 3.0 23 38
+ 9.171296 0 1 tcp 1040 ------- 1 0.0 3.0 24 39
- 9.171296 0 1 tcp 1040 ------- 1 0.0 3.0 19 34
r 9.172128 1 0 ack 40 ------- 1 3.0 0.0 12 27
+ 9.172128 0 1 tcp 1040 ------- 1 0.0 3.0 25 40
+ 9.172128 0 1 tcp 1040 ------- 1 0.0 3.0 26 41
- 9.172128 0 1 tcp 1040 ------- 1 0.0 3.0 20 35
r 9.17296 1 0 ack 40 ------- 1 3.0 0.0 13 28
+ 9.17296 0 1 tcp 1040 ------- 1 0.0 3.0 27 42
+ 9.17296 0 1 tcp 1040 ------- 1 0.0 3.0 28 43
- 9.17296 0 1 tcp 1040 ------- 1 0.0 3.0 21 36
r 9.173792 1 0 ack 40 ------- 1 3.0 0.0 14 29
+ 9.173792 0 1 tcp 1040 ------- 1 0.0 3.0 29 44
+ 9.173792 0 1 tcp 1040 ------- 1 0.0 3.0 30 45
- 9.173792 0 1 tcp 1040 ------- 1 0.0 3.0 22 37
- 9.174624 0 1 tcp 1040 ------- 1 0.0 3.0 23 38
- 9.175456 0 1 tcp 1040 ------- 1 0.0 3.0 24 39
- 9.176288 0 1 tcp 1040 ------- 1 0.0 3.0 25 40
- 9.17712 0 1 tcp 1040 ------- 1 0.0 3.0 26 41
- 9.177952 0 1 tcp 1040 ------- 1 0.0 3.0 27 42
- 9.178784 0 1 tcp 1040 ------- 1 0.0 3.0 28 43
r 9.1788 0 1 tcp 1040 ------- 1 0.0 3.0 15 30
+ 9.1788 1 2 tcp 1040 ------- 1 0.0 3.0 15 30
- 9.1788 1 2 tcp 1040 ------- 1 0.0 3.0 15 30
- 9.179616 0 1 tcp 1040 ------- 1 0.0 3.0 29 44
r 9.179632 0 1 tcp 1040 ------- 1 0.0 3.0 16 31
+ 9.179632 1 2 tcp 1040 ------- 1 0.0 3.0 16 31
- 9.179632 1 2 tcp 1040 ------- 1 0.0 3.0 16 31
- 9.180448 0 1 tcp 1040 ------- 1 0.0 3.0 30 45
r 9.180464 0 1 tcp 1040 ------- 1 0.0 3.0 17 32
+ 9.180464 1 2 tcp 1040 ------- 1 0.0 3.0 17 32
- 9.180464 1 2 tcp 1040 ------- 1 0.0 3.0 17 32
r 9.181296 0 1 tcp 1040 ------- 1 0.0 3.0 18 33
+ 9.181296 1 2 tcp 1040 ------- 1 0.0 3.0 18 33
- 9.181296 1 2 tcp 1040 ------- 1 0.0 3.0 18 33
r 9.182128 0 1 tcp 1040 ------- 1 0.0 3.0 19 34
+ 9.182128 1 2 tcp 1040 ------- 1 0.0 3.0 19 34
- 9.182128 1 2 tcp 1040 ------- 1 0.0 3.0 19 34
r 9.18296 0 1 tcp 1040 ------- 1 0.0 3.0 20 35
+ 9.18296 1 2 tcp 1040 ------- 1 0.0 3.0 20 35
- 9.18296 1 2 tcp 1040 ------- 1 0.0 3.0 20 35
r 9.183792 0 1 tcp 1040 ------- 1 0.0 3.0 21 36
+ 9.183792 1 2 tcp 1040 ------- 1 0.0 3.0 21 36
- 9.183792 1 2 tcp 1040 ------- 1 0.0 3.0 21 36
r 9.184624 0 1 tcp 1040 ------- 1 0.0 3.0 22 37
+ 9.184624 1 2 tcp 1040 ------- 1 0.0 3.0 22 37
- 9.184624 1 2 tcp 1040 ------- 1 0.0 3.0 22 37
r 9.185456 0 1 tcp 1040 ------- 1 0.0 3.0 23 38
+ 9.185456 1 2 tcp 1040 ------- 1 0.0 3.0 23 38
- 9.185456 1 2 tcp 1040 ------- 1 0.0 3.0 23 38
r 9.186288 0 1 tcp 1040 ------- 1 0.0 3.0 24 39
+ 9.186288 1 2 tcp 1040 ------- 1 0.0 3.0 24 39
- 9.186288 1 2 tcp 1040 ------- 1 0.0 3.0 24 39
r 9.18712 0 1 tcp 1040 ------- 1 0.0 3.0 25 40
+ 9.18712 1 2 tcp 1040 ------- 1 0.0 3.0 25 40
- 9.18712 1 2 tcp 1040 ------- 1 0.0 3.0 25 40
r 9.187952 0 1 tcp 1040 ------- 1 0.0 3.0 26 41
+ 9.187952 1 2 tcp 1040 ------- 1 0.0 3.0 26 41
- 9.187952 1 2 tcp 1040 ------- 1 0.0 3.0 26 41
r 9.188784 0 1 tcp 1040 ------- 1 0.0 3.0 27 42
+ 9.188784 1 2 tcp 1040 ------- 1 0.0 3.0 27 42
- 9.188784 1 2 tcp 1040 ------- 1 0.0 3.0 27 42
r 9.189616 0 1 tcp 1040 ------- 1 0.0 3.0 28 43
+ 9.189616 1 2 tcp 1040 ------- 1 0.0 3.0 28 43
- 9.189616 1 2 tcp 1040 ------- 1 0.0 3.0 28 43
r 9.190448 0 1 tcp 1040 ------- 1 0.0 3.0 29 44
+ 9.190448 1 2 tcp 1040 ------- 1 0.0 3.0 29 44
- 9.190448 1 2 tcp 1040 ------- 1 0.0 3.0 29 44
r 9.19128 0 1 tcp 1040 ------- 1 0.0 3.0 30 45
+ 9.19128 1 2 tcp 1040 ------- 1 0.0 3.0 30 45
- 9.19128 1 2 tcp 1040 ------- 1 0.0 3.0 30 45
r 10.179632 1 2 tcp 1040 ------- 1 0.0 3.0 15 30
+ 10.179632 2 3 tcp 1040 ------- 1 0.0 3.0 15 30
- 10.179632 2 3 tcp 1040 ------- 1 0.0 3.0 15 30
r 10.180464 1 2 tcp 1040 ------- 1 0.0 3.0 16 31
+ 10.180464 2 3 tcp 1040 ------- 1 0.0 3.0 16 31
- 10.180464 2 3 tcp 1040 ------- 1 0.0 3.0 16 31
r 10.181296 1 2 tcp 1040 ------- 1 0.0 3.0 17 32
+ 10.181296 2 3 tcp 1040 ------- 1 0.0 3.0 17 32
- 10.181296 2 3 tcp 1040 ------- 1 0.0 3.0 17 32
r 10.182128 1 2 tcp 1040 ------- 1 0.0 3.0 18 33
+ 10.182128 2 3 tcp 1040 ------- 1 0.0 3.0 18 33
- 10.182128 2 3 tcp 1040 ------- 1 0.0 3.0 18 33
r 10.18296 1 2 tcp 1040 ------- 1 0.0 3.0 19 34
+ 10.18296 2 3 tcp 1040 ------- 1 0.0 3.0 19 34
- 10.18296 2 3 tcp 1040 ------- 1 0.0 3.0 19 34
r 10.183792 1 2 tcp 1040 ------- 1 0.0 3.0 20 35
+ 10.183792 2 3 tcp 1040 ------- 1 0.0 3.0 20 35
- 10.183792 2 3 tcp 1040 ------- 1 0.0 3.0 20 35
r 10.184624 1 2 tcp 1040 ------- 1 0.0 3.0 21 36
+ 10.184624 2 3 tcp 1040 ------- 1 0.0 3.0 21 36
- 10.184624 2 3 tcp 1040 ------- 1 0.0 3.0 21 36
r 10.185456 1 2 tcp 1040 ------- 1 0.0 3.0 22 37
+ 10.185456 2 3 tcp 1040 ------- 1 0.0 3.0 22 37
- 10.185456 2 3 tcp 1040 ------- 1 0.0 3.0 22 37
r 10.186288 1 2 tcp 1040 ------- 1 0.0 3.0 23 38
+ 10.186288 2 3 tcp 1040 ------- 1 0.0 3.0 23 38
- 10.186288 2 3 tcp 1040 ------- 1 0.0 3.0 23 38
r 10.18712 1 2 tcp 1040 ------- 1 0.0 3.0 24 39
+ 10.18712 2 3 tcp 1040 ------- 1 0.0 3.0 24 39
- 10.18712 2 3 tcp 1040 ------- 1 0.0 3.0 24 39
r 10.187952 1 2 tcp 1040 ------- 1 0.0 3.0 25 40
+ 10.187952 2 3 tcp 1040 ------- 1 0.0 3.0 25 40
- 10.187952 2 3 tcp 1040 ------- 1 0.0 3.0 25 40
r 10.188784 1 2 tcp 1040 ------- 1 0.0 3.0 26 41
+ 10.188784 2 3 tcp 1040 ------- 1 0.0 3.0 26 41
- 10.188784 2 3 tcp 1040 ------- 1 0.0 3.0 26 41
r 10.189616 1 2 tcp 1040 ------- 1 0.0 3.0 27 42
+ 10.189616 2 3 tcp 1040 ------- 1 0.0 3.0 27 42
- 10.189616 2 3 tcp 1040 ------- 1 0.0 3.0 27 42
r 10.190448 1 2 tcp 1040 ------- 1 0.0 3.0 28 43
+ 10.190448 2 3 tcp 1040 ------- 1 0.0 3.0 28 43
- 10.190448 2 3 tcp 1040 ------- 1 0.0 3.0 28 43
r 10.190464 2 3 tcp 1040 ------- 1 0.0 3.0 15 30
+ 10.190464 3 2 ack 40 ------- 1 3.0 0.0 15 46
- 10.190464 3 2 ack 40 ------- 1 3.0 0.0 15 46
r 10.19128 1 2 tcp 1040 ------- 1 0.0 3.0 29 44
+ 10.19128 2 3 tcp 1040 ------- 1 0.0 3.0 29 44
- 10.19128 2 3 tcp 1040 ------- 1 0.0 3.0 29 44
r 10.191296 2 3 tcp 1040 ------- 1 0.0 3.0 16 31
+ 10.191296 3 2 ack 40 ------- 1 3.0 0.0 16 47
- 10.191296 3 2 ack 40 ------- 1 3.0 0.0 16 47
r 10.192112 1 2 tcp 1040 ------- 1 0.0 3.0 30 45
+ 10.192112 2 3 tcp 1040 ------- 1 0.0 3.0 30 45
- 10.192112 2 3 tcp 1040 ------- 1 0.0 3.0 30 45
r 10.192128 2 3 tcp 1040 ------- 1 0.0 3.0 17 32
+ 10.192128 3 2 ack 40 ------- 1 3.0 0.0 17 48
- 10.192128 3 2 ack 40 ------- 1 3.0 0.0 17 48
r 10.19296 2 3 tcp 1040 ------- 1 0.0 3.0 18 33
+ 10.19296 3 2 ack 40 ------- 1 3.0 0.0 18 49
- 10.19296 3 2 ack 40 ------- 1 3.0 0.0 18 49
r 10.193792 2 3 tcp 1040 ------- 1 0.0 3.0 19 34
+ 10.193792 3 2 ack 40 ------- 1 3.0 0.0 19 50
- 10.193792 3 2 ack 40 ------- 1 3.0 0.0 19 50
r 10.194624 2 3 tcp 1040 ------- 1 0.0 3.0 20 35
+ 10.194624 3 2 ack 40 ------- 1 3.0 0.0 20 51
- 10.194624 3 2 ack 40 ------- 1 3.0 0.0 20 51
r 10.195456 2 3 tcp 1040 ------- 1 0.0 3.0 21 36
+ 10.195456 3 2 ack 40 ------- 1 3.0 0.0 21 52
- 10.195456 3 2 ack 40 ------- 1 3.0 0.0 21 52
r 10.196288 2 3 tcp 1040 ------- 1 0.0 3.0 22 37
+ 10.196288 3 2 ack 40 ------- 1 3.0 0.0 22 53
- 10.196288 3 2 ack 40 ------- 1 3.0 0.0 22 53
r 10.19712 2 3 tcp 1040 ------- 1 0.0 3.0 23 38
+ 10.19712 3 2 ack 40 ------- 1 3.0 0.0 23 54
- 10.19712 3 2 ack 40 ------- 1 3.0 0.0 23 54
r 10.197952 2 3 tcp 1040 ------- 1 0.0 3.0 24 39
+ 10.197952 3 2 ack 40 ------- 1 3.0 0.0 24 55
- 10.197952 3 2 ack 40 ------- 1 3.0 0.0 24 55
r 10.198784 2 3 tcp 1040 ------- 1 0.0 3.0 25 40
+ 10.198784 3 2 ack 40 ------- 1 3.0 0.0 25 56
- 10.198784 3 2 ack 40 ------- 1 3.0 0.0 25 56
r 10.199616 2 3 tcp 1040 ------- 1 0.0 3.0 26 41
+ 10.199616 3 2 ack 40 ------- 1 3.0 0.0 26 57
- 10.199616 3 2 ack 40 ------- 1 3.0 0.0 26 57
r 10.200448 2 3 tcp 1040 ------- 1 0.0 3.0 27 42
+ 10.200448 3 2 ack 40 ------- 1 3.0 0.0 27 58
- 10.200448 3 2 ack 40 ------- 1 3.0 0.0 27 58
r 10.200496 3 2 ack 40 ------- 1 3.0 0.0 15 46
+ 10.200496 2 1 ack 40 ------- 1 3.0 0.0 15 46
- 10.200496 2 1 ack 40 ------- 1 3.0 0.0 15 46
r 10.20128 2 3 tcp 1040 ------- 1 0.0 3.0 28 43
+ 10.20128 3 2 ack 40 ------- 1 3.0 0.0 28 59
- 10.20128 3 2 ack 40 ------- 1 3.0 0.0 28 59
r 10.201328 3 2 ack 40 ------- 1 3.0 0.0 16 47
+ 10.201328 2 1 ack 40 ------- 1 3.0 0.0 16 47
- 10.201328 2 1 ack 40 ------- 1 3.0 0.0 16 47
r 10.202112 2 3 tcp 1040 ------- 1 0.0 3.0 29 44
+ 10.202112 3 2 ack 40 ------- 1 3.0 0.0 29 60
- 10.202112 3 2 ack 40 ------- 1 3.0 0.0 29 60
r 10.20216 3 2 ack 40 ------- 1 3.0 0.0 17 48
+ 10.20216 2 1 ack 40 ------- 1 3.0 0.0 17 48
- 10.20216 2 1 ack 40 ------- 1 3.0 0.0 17 48
r 10.202944 2 3 tcp 1040 ------- 1 0.0 3.0 30 45
+ 10.202944 3 2 ack 40 ------- 1 3.0 0.0 30 61
- 10.202944 3 2 ack 40 ------- 1 3.0 0.0 30 61
r 10.202992 3 2 ack 40 ------- 1 3.0 0.0 18 49
+ 10.202992 2 1 ack 40 ------- 1 3.0 0.0 18 49
- 10.202992 2 1 ack 40 ------- 1 3.0 0.0 18 49
r 10.203824 3 2 ack 40 ------- 1 3.0 0.0 19 50
+ 10.203824 2 1 ack 40 ------- 1 3.0 0.0 19 50
- 10.203824 2 1 ack 40 ------- 1 3.0 0.0 19 50
r 10.204656 3 2 ack 40 ------- 1 3.0 0.0 20 51
+ 10.204656 2 1 ack 40 ------- 1 3.0 0.0 20 51
- 10.204656 2 1 ack 40 ------- 1 3.0 0.0 20 51
r 10.205488 3 2 ack 40 ------- 1 3.0 0.0 21 52
+ 10.205488 2 1 ack 40 ------- 1 3.0 0.0 21 52
- 10.205488 2 1 ack 40 ------- 1 3.0 0.0 21 52
r 10.20632 3 2 ack 40 ------- 1 3.0 0.0 22 53
+ 10.20632 2 1 ack 40 ------- 1 3.0 0.0 22 53
- 10.20632 2 1 ack 40 ------- 1 3.0 0.0 22 53
r 10.207152 3 2 ack 40 ------- 1 3.0 0.0 23 54
+ 10.207152 2 1 ack 40 ------- 1 3.0 0.0 23 54
- 10.207152 2 1 ack 40 ------- 1 3.0 0.0 23 54
r 10.207984 3 2 ack 40 ------- 1 3.0 0.0 24 55
+ 10.207984 2 1 ack 40 ------- 1 3.0 0.0 24 55
- 10.207984 2 1 ack 40 ------- 1 3.0 0.0 24 55
r 10.208816 3 2 ack 40 ------- 1 3.0 0.0 25 56
+ 10.208816 2 1 ack 40 ------- 1 3.0 0.0 25 56
- 10.208816 2 1 ack 40 ------- 1 3.0 0.0 25 56
r 10.209648 3 2 ack 40 ------- 1 3.0 0.0 26 57
+ 10.209648 2 1 ack 40 ------- 1 3.0 0.0 26 57
- 10.209648 2 1 ack 40 ------- 1 3.0 0.0 26 57
r 10.21048 3 2 ack 40 ------- 1 3.0 0.0 27 58
+ 10.21048 2 1 ack 40 ------- 1 3.0 0.0 27 58
- 10.21048 2 1 ack 40 ------- 1 3.0 0.0 27 58
r 10.211312 3 2 ack 40 ------- 1 3.0 0.0 28 59
+ 10.211312 2 1 ack 40 ------- 1 3.0 0.0 28 59
- 10.211312 2 1 ack 40 ------- 1 3.0 0.0 28 59
r 10.212144 3 2 ack 40 ------- 1 3.0 0.0 29 60
+ 10.212144 2 1 ack 40 ------- 1 3.0 0.0 29 60
- 10.212144 2 1 ack 40 ------- 1 3.0 0.0 29 60
r 10.212976 3 2 ack 40 ------- 1 3.0 0.0 30 61
+ 10.212976 2 1 ack 40 ------- 1 3.0 0.0 30 61
- 10.212976 2 1 ack 40 ------- 1 3.0 0.0 30 61
r 11.200528 2 1 ack 40 ------- 1 3.0 0.0 15 46
+ 11.200528 1 0 ack 40 ------- 1 3.0 0.0 15 46
- 11.200528 1 0 ack 40 ------- 1 3.0 0.0 15 46
r 11.20136 2 1 ack 40 ------- 1 3.0 0.0 16 47
+ 11.20136 1 0 ack 40 ------- 1 3.0 0.0 16 47
- 11.20136 1 0 ack 40 ------- 1 3.0 0.0 16 47
r 11.202192 2 1 ack 40 ------- 1 3.0 0.0 17 48
+ 11.202192 1 0 ack 40 ------- 1 3.0 0.0 17 48
- 11.202192 1 0 ack 40 ------- 1 3.0 0.0 17 48
r 11.203024 2 1 ack 40 ------- 1 3.0 0.0 18 49
+ 11.203024 1 0 ack 40 ------- 1 3.0 0.0 18 49
- 11.203024 1 0 ack 40 ------- 1 3.0 0.0 18 49
r 11.203856 2 1 ack 40 ------- 1 3.0 0.0 19 50
+ 11.203856 1 0 ack 40 ------- 1 3.0 0.0 19 50
- 11.203856 1 0 ack 40 ------- 1 3.0 0.0 19 50
r 11.204688 2 1 ack 40 ------- 1 3.0 0.0 20 51
+ 11.204688 1 0 ack 40 ------- 1 3.0 0.0 20 51
- 11.204688 1 0 ack 40 ------- 1 3.0 0.0 20 51
r 11.20552 2 1 ack 40 ------- 1 3.0 0.0 21 52
+ 11.20552 1 0 ack 40 ------- 1 3.0 0.0 21 52
- 11.20552 1 0 ack 40 ------- 1 3.0 0.0 21 52
r 11.206352 2 1 ack 40 ------- 1 3.0 0.0 22 53
+ 11.206352 1 0 ack 40 ------- 1 3.0 0.0 22 53
- 11.206352 1 0 ack 40 ------- 1 3.0 0.0 22 53
r 11.207184 2 1 ack 40 ------- 1 3.0 0.0 23 54
+ 11.207184 1 0 ack 40 ------- 1 3.0 0.0 23 54
- 11.207184 1 0 ack 40 ------- 1 3.0 0.0 23 54
r 11.208016 2 1 ack 40 ------- 1 3.0 0.0 24 55
+ 11.208016 1 0 ack 40 ------- 1 3.0 0.0 24 55
- 11.208016 1 0 ack 40 ------- 1 3.0 0.0 24 55
r 11.208848 2 1 ack 40 ------- 1 3.0 0.0 25 56
+ 11.208848 1 0 ack 40 ------- 1 3.0 0.0 25 56
- 11.208848 1 0 ack 40 ------- 1 3.0 0.0 25 56
r 11.20968 2 1 ack 40 ------- 1 3.0 0.0 26 57
+ 11.20968 1 0 ack 40 ------- 1 3.0 0.0 26 57
- 11.20968 1 0 ack 40 ------- 1 3.0 0.0 26 57
r 11.210512 2 1 ack 40 ------- 1 3.0 0.0 27 58
+ 11.210512 1 0 ack 40 ------- 1 3.0 0.0 27 58
- 11.210512 1 0 ack 40 ------- 1 3.0 0.0 27 58
r 11.21056 1 0 ack 40 ------- 1 3.0 0.0 15 46
+ 11.21056 0 1 tcp 1040 ------- 1 0.0 3.0 31 62
- 11.21056 0 1 tcp 1040 ------- 1 0.0 3.0 31 62
+ 11.21056 0 1 tcp 1040 ------- 1 0.0 3.0 32 63
r 11.211344 2 1 ack 40 ------- 1 3.0 0.0 28 59
+ 11.211344 1 0 ack 40 ------- 1 3.0 0.0 28 59
- 11.211344 1 0 ack 40 ------- 1 3.0 0.0 28 59
- 11.211392 0 1 tcp 1040 ------- 1 0.0 3.0 32 63
r 11.211392 1 0 ack 40 ------- 1 3.0 0.0 16 47
+ 11.211392 0 1 tcp 1040 ------- 1 0.0 3.0 33 64
+ 11.211392 0 1 tcp 1040 ------- 1 0.0 3.0 34 65
r 11.212176 2 1 ack 40 ------- 1 3.0 0.0 29 60
+ 11.212176 1 0 ack 40 ------- 1 3.0 0.0 29 60
- 11.212176 1 0 ack 40 ------- 1 3.0 0.0 29 60
r 11.212224 1 0 ack 40 ------- 1 3.0 0.0 17 48
+ 11.212224 0 1 tcp 1040 ------- 1 0.0 3.0 35 66
+ 11.212224 0 1 tcp 1040 ------- 1 0.0 3.0 36 67
- 11.212224 0 1 tcp 1040 ------- 1 0.0 3.0 33 64
r 11.213008 2 1 ack 40 ------- 1 3.0 0.0 30 61
+ 11.213008 1 0 ack 40 ------- 1 3.0 0.0 30 61
- 11.213008 1 0 ack 40 ------- 1 3.0 0.0 30 61
- 11.213056 0 1 tcp 1040 ------- 1 0.0 3.0 34 65
r 11.213056 1 0 ack 40 ------- 1 3.0 0.0 18 49
+ 11.213056 0 1 tcp 1040 ------- 1 0.0 3.0 37 68
+ 11.213056 0 1 tcp 1040 ------- 1 0.0 3.0 38 69
r 11.213888 1 0 ack 40 ------- 1 3.0 0.0 19 50
+ 11.213888 0 1 tcp 1040 ------- 1 0.0 3.0 39 70
- 11.213888 0 1 tcp 1040 ------- 1 0.0 3.0 35 66
- 11.21472 0 1 tcp 1040 ------- 1 0.0 3.0 36 67
r 11.21472 1 0 ack 40 ------- 1 3.0 0.0 20 51
+ 11.21472 0 1 tcp 1040 ------- 1 0.0 3.0 40 71
r 11.215552 1 0 ack 40 ------- 1 3.0 0.0 21 52
+ 11.215552 0 1 tcp 1040 ------- 1 0.0 3.0 41 72
- 11.215552 0 1 tcp 1040 ------- 1 0.0 3.0 37 68
- 11.216384 0 1 tcp 1040 ------- 1 0.0 3.0 38 69
r 11.216384 1 0 ack 40 ------- 1 3.0 0.0 22 53
+ 11.216384 0 1 tcp 1040 ------- 1 0.0 3.0 42 73
r 11.217216 1 0 ack 40 ------- 1 3.0 0.0 23 54
+ 11.217216 0 1 tcp 1040 ------- 1 0.0 3.0 43 74
- 11.217216 0 1 tcp 1040 ------- 1 0.0 3.0 39 70
- 11.218048 0 1 tcp 1040 ------- 1 0.0 3.0 40 71
r 11.218048 1 0 ack 40 ------- 1 3.0 0.0 24 55
+ 11.218048 0 1 tcp 1040 ------- 1 0.0 3.0 44 75
r 11.21888 1 0 ack 40 ------- 1 3.0 0.0 25 56
+ 11.21888 0 1 tcp 1040 ------- 1 0.0 3.0 45 76
- 11.21888 0 1 tcp 1040 ------- 1 0.0 3.0 41 72
- 11.219712 0 1 tcp 1040 ------- 1 0.0 3.0 42 73
r 11.219712 1 0 ack 40 ------- 1 3.0 0.0 26 57
+ 11.219712 0 1 tcp 1040 ------- 1 0.0 3.0 46 77
r 11.220544 1 0 ack 40 ------- 1 3.0 0.0 27 58
+ 11.220544 0 1 tcp 1040 ------- 1 0.0 3.0 47 78
- 11.220544 0 1 tcp 1040 ------- 1 0.0 3.0 43 74
- 11.221376 0 1 tcp 1040 ------- 1 0.0 3.0 44 75
r 11.221376 1 0 ack 40 ------- 1 3.0 0.0 28 59
+ 11.221376 0 1 tcp 1040 ------- 1 0.0 3.0 48 79
r 11.221392 0 1 tcp 1040 ------- 1 0.0 3.0 31 62
+ 11.221392 1 2 tcp 1040 ------- 1 0.0 3.0 31 62
- 11.221392 1 2 tcp 1040 ------- 1 0.0 3.0 31 62
r 11.222208 1 0 ack 40 ------- 1 3.0 0.0 29 60
+ 11.222208 0 1 tcp 1040 ------- 1 0.0 3.0 49 80
- 11.222208 0 1 tcp 1040 ------- 1 0.0 3.0 45 76
r 11.222224 0 1 tcp 1040 ------- 1 0.0 3.0 32 63
+ 11.222224 1 2 tcp 1040 ------- 1 0.0 3.0 32 63
- 11.222224 1 2 tcp 1040 ------- 1 0.0 3.0 32 63
- 11.22304 0 1 tcp 1040 ------- 1 0.0 3.0 46 77
r 11.22304 1 0 ack 40 ------- 1 3.0 0.0 30 61
+ 11.22304 0 1 tcp 1040 ------- 1 0.0 3.0 50 81
r 11.223056 0 1 tcp 1040 ------- 1 0.0 3.0 33 64
+ 11.223056 1 2 tcp 1040 ------- 1 0.0 3.0 33 64
- 11.223056 1 2 tcp 1040 ------- 1 0.0 3.0 33 64
- 11.223872 0 1 tcp 1040 ------- 1 0.0 3.0 47 78
r 11.223888 0 1 tcp 1040 ------- 1 0.0 3.0 34 65
+ 11.223888 1 2 tcp 1040 ------- 1 0.0 3.0 34 65
- 11.223888 1 2 tcp 1040 ------- 1 0.0 3.0 34 65
- 11.224704 0 1 tcp 1040 ------- 1 0.0 3.0 48 79
r 11.22472 0 1 tcp 1040 ------- 1 0.0 3.0 35 66
+ 11.22472 1 2 tcp 1040 ------- 1 0.0 3.0 35 66
- 11.22472 1 2 tcp 1040 ------- 1 0.0 3.0 35 66
- 11.225536 0 1 tcp 1040 ------- 1 0.0 3.0 49 80
r 11.225552 0 1 tcp 1040 ------- 1 0.0 3.0 36 67
+ 11.225552 1 2 tcp 1040 ------- 1 0.0 3.0 36 67
- 11.225552 1 2 tcp 1040 ------- 1 0.0 3.0 36 67
- 11.226368 0 1 tcp 1040 ------- 1 0.0 3.0 50 81
r 11.226384 0 1 tcp 1040 ------- 1 0.0 3.0 37 68
+ 11.226384 1 2 tcp 1040 ------- 1 0.0 3.0 37 68
- 11.226384 1 2 tcp 1040 ------- 1 0.0 3.0 37 68
r 11.227216 0 1 tcp 1040 ------- 1 0.0 3.0 38 69
+ 11.227216 1 2 tcp 1040 ------- 1 0.0 3.0 38 69
- 11.227216 1 2 tcp 1040 ------- 1 0.0 3.0 38 69
r 11.228048 0 1 tcp 1040 ------- 1 0.0 3.0 39 70
+ 11.228048 1 2 tcp 1040 ------- 1 0.0 3.0 39 70
- 11.228048 1 2 tcp 1040 ------- 1 0.0 3.0 39 70
r 11.22888 0 1 tcp 1040 ------- 1 0.0 3.0 40 71
+ 11.22888 1 2 tcp 1040 ------- 1 0.0 3.0 40 71
- 11.22888 1 2 tcp 1040 ------- 1 0.0 3.0 40 71
r 11.229712 0 1 tcp 1040 ------- 1 0.0 3.0 41 72
+ 11.229712 1 2 tcp 1040 ------- 1 0.0 3.0 41 72
- 11.229712 1 2 tcp 1040 ------- 1 0.0 3.0 41 72
r 11.230544 0 1 tcp 1040 ------- 1 0.0 3.0 42 73
+ 11.230544 1 2 tcp 1040 ------- 1 0.0 3.0 42 73
- 11.230544 1 2 tcp 1040 ------- 1 0.0 3.0 42 73
r 11.231376 0 1 tcp 1040 ------- 1 0.0 3.0 43 74
+ 11.231376 1 2 tcp 1040 ------- 1 0.0 3.0 43 74
- 11.231376 1 2 tcp 1040 ------- 1 0.0 3.0 43 74
r 11.232208 0 1 tcp 1040 ------- 1 0.0 3.0 44 75
+ 11.232208 1 2 tcp 1040 ------- 1 0.0 3.0 44 75
- 11.232208 1 2 tcp 1040 ------- 1 0.0 3.0 44 75
r 11.23304 0 1 tcp 1040 ------- 1 0.0 3.0 45 76
+ 11.23304 1 2 tcp 1040 ------- 1 0.0 3.0 45 76
- 11.23304 1 2 tcp 1040 ------- 1 0.0 3.0 45 76
r 11.233872 0 1 tcp 1040 ------- 1 0.0 3.0 46 77
+ 11.233872 1 2 tcp 1040 ------- 1 0.0 3.0 46 77
- 11.233872 1 2 tcp 1040 ------- 1 0.0 3.0 46 77
r 11.234704 0 1 tcp 1040 ------- 1 0.0 3.0 47 78
+ 11.234704 1 2 tcp 1040 ------- 1 0.0 3.0 47 78
- 11.234704 1 2 tcp 1040 ------- 1 0.0 3.0 47 78
r 11.235536 0 1 tcp 1040 ------- 1 0.0 3.0 48 79
+ 11.235536 1 2 tcp 1040 ------- 1 0.0 3.0 48 79
- 11.235536 1 2 tcp 1040 ------- 1 0.0 3.0 48 79
r 11.236368 0 1 tcp 1040 ------- 1 0.0 3.0 49 80
+ 11.236368 1 2 tcp 1040 ------- 1 0.0 3.0 49 80
- 11.236368 1 2 tcp 1040 ------- 1 0.0 3.0 49 80
r 11.2372 0 1 tcp 1040 ------- 1 0.0 3.0 50 81
+ 11.2372 1 2 tcp 1040 ------- 1 0.0 3.0 50 81
- 11.2372 1 2 tcp 1040 ------- 1 0.0 3.0 50 81
r 12.222224 1 2 tcp 1040 ------- 1 0.0 3.0 31 62
+ 12.222224 2 3 tcp 1040 ------- 1 0.0 3.0 31 62
- 12.222224 2 3 tcp 1040 ------- 1 0.0 3.0 31 62
r 12.223056 1 2 tcp 1040 ------- 1 0.0 3.0 32 63
+ 12.223056 2 3 tcp 1040 ------- 1 0.0 3.0 32 63
- 12.223056 2 3 tcp 1040 ------- 1 0.0 3.0 32 63
r 12.223888 1 2 tcp 1040 ------- 1 0.0 3.0 33 64
+ 12.223888 2 3 tcp 1040 ------- 1 0.0 3.0 33 64
- 12.223888 2 3 tcp 1040 ------- 1 0.0 3.0 33 64
r 12.22472 1 2 tcp 1040 ------- 1 0.0 3.0 34 65
+ 12.22472 2 3 tcp 1040 ------- 1 0.0 3.0 34 65
- 12.22472 2 3 tcp 1040 ------- 1 0.0 3.0 34 65
r 12.225552 1 2 tcp 1040 ------- 1 0.0 3.0 35 66
+ 12.225552 2 3 tcp 1040 ------- 1 0.0 3.0 35 66
- 12.225552 2 3 tcp 1040 ------- 1 0.0 3.0 35 66
r 12.226384 1 2 tcp 1040 ------- 1 0.0 3.0 36 67
+ 12.226384 2 3 tcp 1040 ------- 1 0.0 3.0 36 67
- 12.226384 2 3 tcp 1040 ------- 1 0.0 3.0 36 67
r 12.227216 1 2 tcp 1040 ------- 1 0.0 3.0 37 68
+ 12.227216 2 3 tcp 1040 ------- 1 0.0 3.0 37 68
- 12.227216 2 3 tcp 1040 ------- 1 0.0 3.0 37 68
r 12.228048 1 2 tcp 1040 ------- 1 0.0 3.0 38 69
+ 12.228048 2 3 tcp 1040 ------- 1 0.0 3.0 38 69
- 12.228048 2 3 tcp 1040 ------- 1 0.0 3.0 38 69
r 12.22888 1 2 tcp 1040 ------- 1 0.0 3.0 39 70
+ 12.22888 2 3 tcp 1040 ------- 1 0.0 3.0 39 70
- 12.22888 2 3 tcp 1040 ------- 1 0.0 3.0 39 70
r 12.229712 1 2 tcp 1040 ------- 1 0.0 3.0 40 71
+ 12.229712 2 3 tcp 1040 ------- 1 0.0 3.0 40 71
- 12.229712 2 3 tcp 1040 ------- 1 0.0 3.0 40 71
r 12.230544 1 2 tcp 1040 ------- 1 0.0 3.0 41 72
+ 12.230544 2 3 tcp 1040 ------- 1 0.0 3.0 41 72
- 12.230544 2 3 tcp 1040 ------- 1 0.0 3.0 41 72
r 12.231376 1 2 tcp 1040 ------- 1 0.0 3.0 42 73
+ 12.231376 2 3 tcp 1040 ------- 1 0.0 3.0 42 73
- 12.231376 2 3 tcp 1040 ------- 1 0.0 3.0 42 73
r 12.232208 1 2 tcp 1040 ------- 1 0.0 3.0 43 74
+ 12.232208 2 3 tcp 1040 ------- 1 0.0 3.0 43 74
- 12.232208 2 3 tcp 1040 ------- 1 0.0 3.0 43 74
r 12.23304 1 2 tcp 1040 ------- 1 0.0 3.0 44 75
+ 12.23304 2 3 tcp 1040 ------- 1 0.0 3.0 44 75
- 12.23304 2 3 tcp 1040 ------- 1 0.0 3.0 44 75
r 12.233056 2 3 tcp 1040 ------- 1 0.0 3.0 31 62
+ 12.233056 3 2 ack 40 ------- 1 3.0 0.0 31 82
- 12.233056 3 2 ack 40 ------- 1 3.0 0.0 31 82
r 12.233872 1 2 tcp 1040 ------- 1 0.0 3.0 45 76
+ 12.233872 2 3 tcp 1040 ------- 1 0.0 3.0 45 76
- 12.233872 2 3 tcp 1040 ------- 1 0.0 3.0 45 76
r 12.233888 2 3 tcp 1040 ------- 1 0.0 3.0 32 63
+ 12.233888 3 2 ack 40 ------- 1 3.0 0.0 32 83
- 12.233888 3 2 ack 40 ------- 1 3.0 0.0 32 83
r 12.234704 1 2 tcp 1040 ------- 1 0.0 3.0 46 77
+ 12.234704 2 3 tcp 1040 ------- 1 0.0 3.0 46 77
- 12.234704 2 3 tcp 1040 ------- 1 0.0 3.0 46 77
r 12.23472 2 3 tcp 1040 ------- 1 0.0 3.0 33 64
+ 12.23472 3 2 ack 40 ------- 1 3.0 0.0 33 84
- 12.23472 3 2 ack 40 ------- 1 3.0 0.0 33 84
r 12.235536 1 2 tcp 1040 ------- 1 0.0 3.0 47 78
+ 12.235536 2 3 tcp 1040 ------- 1 0.0 3.0 47 78
- 12.235536 2 3 tcp 1040 ------- 1 0.0 3.0 47 78
r 12.235552 2 3 tcp 1040 ------- 1 0.0 3.0 34 65
+ 12.235552 3 2 ack 40 ------- 1 3.0 0.0 34 85
- 12.235552 3 2 ack 40 ------- 1 3.0 0.0 34 85
r 12.236368 1 2 tcp 1040 ------- 1 0.0 3.0 48 79
+ 12.236368 2 3 tcp 1040 ------- 1 0.0 3.0 48 79
- 12.236368 2 3 tcp 1040 ------- 1 0.0 3.0 48 79
r 12.236384 2 3 tcp 1040 ------- 1 0.0 3.0 35 66
+ 12.236384 3 2 ack 40 ------- 1 3.0 0.0 35 86
- 12.236384 3 2 ack 40 ------- 1 3.0 0.0 35 86
r 12.2372 1 2 tcp 1040 ------- 1 0.0 3.0 49 80
+ 12.2372 2 3 tcp 1040 ------- 1 0.0 3.0 49 80
- 12.2372 2 3 tcp 1040 ------- 1 0.0 3.0 49 80
r 12.237216 2 3 tcp 1040 ------- 1 0.0 3.0 36 67
+ 12.237216 3 2 ack 40 ------- 1 3.0 0.0 36 87
- 12.237216 3 2 ack 40 ------- 1 3.0 0.0 36 87
r 12.238032 1 2 tcp 1040 ------- 1 0.0 3.0 50 81
+ 12.238032 2 3 tcp 1040 ------- 1 0.0 3.0 50 81
- 12.238032 2 3 tcp 1040 ------- 1 0.0 3.0 50 81
r 12.238048 2 3 tcp 1040 ------- 1 0.0 3.0 37 68
+ 12.238048 3 2 ack 40 ------- 1 3.0 0.0 37 88
- 12.238048 3 2 ack 40 ------- 1 3.0 0.0 37 88
r 12.23888 2 3 tcp 1040 ------- 1 0.0 3.0 38 69
+ 12.23888 3 2 ack 40 ------- 1 3.0 0.0 38 89
- 12.23888 3 2 ack 40 ------- 1 3.0 0.0 38 89
r 12.239712 2 3 tcp 1040 ------- 1 0.0 3.0 39 70
+ 12.239712 3 2 ack 40 ------- 1 3.0 0.0 39 90
- 12.239712 3 2 ack 40 ------- 1 3.0 0.0 39 90
r 12.240544 2 3 tcp 1040 ------- 1 0.0 3.0 40 71
+ 12.240544 3 2 ack 40 ------- 1 3.0 0.0 40 91
- 12.240544 3 2 ack 40 ------- 1 3.0 0.0 40 91
r 12.241376 2 3 tcp 1040 ------- 1 0.0 3.0 41 72
+ 12.241376 3 2 ack 40 ------- 1 3.0 0.0 41 92
- 12.241376 3 2 ack 40 ------- 1 3.0 0.0 41 92
r 12.242208 2 3 tcp 1040 ------- 1 0.0 3.0 42 73
+ 12.242208 3 2 ack 40 ------- 1 3.0 0.0 42 93
- 12.242208 3 2 ack 40 ------- 1 3.0 0.0 42 93
r 12.24304 2 3 tcp 1040 ------- 1 0.0 3.0 43 74
+ 12.24304 3 2 ack 40 ------- 1 3.0 0.0 43 94
- 12.24304 3 2 ack 40 ------- 1 3.0 0.0 43 94
r 12.243088 3 2 ack 40 ------- 1 3.0 0.0 31 82
+ 12.243088 2 1 ack 40 ------- 1 3.0 0.0 31 82
- 12.243088 2 1 ack 40 ------- 1 3.0 0.0 31 82
r 12.243872 2 3 tcp 1040 ------- 1 0.0 3.0 44 75
+ 12.243872 3 2 ack 40 ------- 1 3.0 0.0 44 95
- 12.243872 3 2 ack 40 ------- 1 3.0 0.0 44 95
r 12.24392 3 2 ack 40 ------- 1 3.0 0.0 32 83
+ 12.24392 2 1 ack 40 ------- 1 3.0 0.0 32 83
- 12.24392 2 1 ack 40 ------- 1 3.0 0.0 32 83
r 12.244704 2 3 tcp 1040 ------- 1 0.0 3.0 45 76
+ 12.244704 3 2 ack 40 ------- 1 3.0 0.0 45 96
- 12.244704 3 2 ack 40 ------- 1 3.0 0.0 45 96
r 12.244752 3 2 ack 40 ------- 1 3.0 0.0 33 84
+ 12.244752 2 1 ack 40 ------- 1 3.0 0.0 33 84
- 12.244752 2 1 ack 40 ------- 1 3.0 0.0 33 84
r 12.245536 2 3 tcp 1040 ------- 1 0.0 3.0 46 77
+ 12.245536 3 2 ack 40 ------- 1 3.0 0.0 46 97
- 12.245536 3 2 ack 40 ------- 1 3.0 0.0 46 97
r 12.245584 3 2 ack 40 ------- 1 3.0 0.0 34 85
+ 12.245584 2 1 ack 40 ------- 1 3.0 0.0 34 85
- 12.245584 2 1 ack 40 ------- 1 3.0 0.0 34 85
r 12.246368 2 3 tcp 1040 ------- 1 0.0 3.0 47 78
+ 12.246368 3 2 ack 40 ------- 1 3.0 0.0 47 98
- 12.246368 3 2 ack 40 ------- 1 3.0 0.0 47 98
r 12.246416 3 2 ack 40 ------- 1 3.0 0.0 35 86
+ 12.246416 2 1 ack 40 ------- 1 3.0 0.0 35 86
- 12.246416 2 1 ack 40 ------- 1 3.0 0.0 35 86
r 12.2472 2 3 tcp 1040 ------- 1 0.0 3.0 48 79
+ 12.2472 3 2 ack 40 ------- 1 3.0 0.0 48 99
- 12.2472 3 2 ack 40 ------- 1 3.0 0.0 48 99
r 12.247248 3 2 ack 40 ------- 1 3.0 0.0 36 87
+ 12.247248 2 1 ack 40 ------- 1 3.0 0.0 36 87
- 12.247248 2 1 ack 40 ------- 1 3.0 0.0 36 87
r 12.248032 2 3 tcp 1040 ------- 1 0.0 3.0 49 80
+ 12.248032 3 2 ack 40 ------- 1 3.0 0.0 49 100
- 12.248032 3 2 ack 40 ------- 1 3.0 0.0 49 100
r 12.24808 3 2 ack 40 ------- 1 3.0 0.0 37 88
+ 12.24808 2 1 ack 40 ------- 1 3.0 0.0 37 88
- 12.24808 2 1 ack 40 ------- 1 3.0 0.0 37 88
r 12.248864 2 3 tcp 1040 ------- 1 0.0 3.0 50 81
+ 12.248864 3 2 ack 40 ------- 1 3.0 0.0 50 101
- 12.248864 3 2 ack 40 ------- 1 3.0 0.0 50 101
r 12.248912 3 2 ack 40 ------- 1 3.0 0.0 38 89
+ 12.248912 2 1 ack 40 ------- 1 3.0 0.0 38 89
- 12.248912 2 1 ack 40 ------- 1 3.0 0.0 38 89
r 12.249744 3 2 ack 40 ------- 1 3.0 0.0 39 90
+ 12.249744 2 1 ack 40 ------- 1 3.0 0.0 39 90
- 12.249744 2 1 ack 40 ------- 1 3.0 0.0 39 90
r 12.250576 3 2 ack 40 ------- 1 3.0 0.0 40 91
+ 12.250576 2 1 ack 40 ------- 1 3.0 0.0 40 91
- 12.250576 2 1 ack 40 ------- 1 3.0 0.0 40 91
r 12.251408 3 2 ack 40 ------- 1 3.0 0.0 41 92
+ 12.251408 2 1 ack 40 ------- 1 3.0 0.0 41 92
- 12.251408 2 1 ack 40 ------- 1 3.0 0.0 41 92
r 12.25224 3 2 ack 40 ------- 1 3.0 0.0 42 93
+ 12.25224 2 1 ack 40 ------- 1 3.0 0.0 42 93
- 12.25224 2 1 ack 40 ------- 1 3.0 0.0 42 93
r 12.253072 3 2 ack 40 ------- 1 3.0 0.0 43 94
+ 12.253072 2 1 ack 40 ------- 1 3.0 0.0 43 94
- 12.253072 2 1 ack 40 ------- 1 3.0 0.0 43 94
r 12.253904 3 2 ack 40 ------- 1 3.0 0.0 44 95
+ 12.253904 2 1 ack 40 ------- 1 3.0 0.0 44 95
- 12.253904 2 1 ack 40 ------- 1 3.0 0.0 44 95
r 12.254736 3 2 ack 40 ------- 1 3.0 0.0 45 96
+ 12.254736 2 1 ack 40 ------- 1 3.0 0.0 45 96
- 12.254736 2 1 ack 40 ------- 1 3.0 0.0 45 96
r 12.255568 3 2 ack 40 ------- 1 3.0 0.0 46 97
+ 12.255568 2 1 ack 40 ------- 1 3.0 0.0 46 97
- 12.255568 2 1 ack 40 ------- 1 3.0 0.0 46 97
r 12.2564 3 2 ack 40 ------- 1 3.0 0.0 47 98
+ 12.2564 2 1 ack 40 ------- 1 3.0 0.0 47 98
- 12.2564 2 1 ack 40 ------- 1 3.0 0.0 47 98
r 12.257232 3 2 ack 40 ------- 1 3.0 0.0 48 99
+ 12.257232 2 1 ack 40 ------- 1 3.0 0.0 48 99
- 12.257232 2 1 ack 40 ------- 1 3.0 0.0 48 99
r 12.258064 3 2 ack 40 ------- 1 3.0 0.0 49 100
+ 12.258064 2 1 ack 40 ------- 1 3.0 0.0 49 100
- 12.258064 2 1 ack 40 ------- 1 3.0 0.0 49 100
r 12.258896 3 2 ack 40 ------- 1 3.0 0.0 50 101
+ 12.258896 2 1 ack 40 ------- 1 3.0 0.0 50 101
- 12.258896 2 1 ack 40 ------- 1 3.0 0.0 50 101
r 13.24312 2 1 ack 40 ------- 1 3.0 0.0 31 82
+ 13.24312 1 0 ack 40 ------- 1 3.0 0.0 31 82
- 13.24312 1 0 ack 40 ------- 1 3.0 0.0 31 82
r 13.243952 2 1 ack 40 ------- 1 3.0 0.0 32 83
+ 13.243952 1 0 ack 40 ------- 1 3.0 0.0 32 83
- 13.243952 1 0 ack 40 ------- 1 3.0 0.0 32 83
r 13.244784 2 1 ack 40 ------- 1 3.0 0.0 33 84
+ 13.244784 1 0 ack 40 ------- 1 3.0 0.0 33 84
- 13.244784 1 0 ack 40 ------- 1 3.0 0.0 33 84
r 13.245616 2 1 ack 40 ------- 1 3.0 0.0 34 85
+ 13.245616 1 0 ack 40 ------- 1 3.0 0.0 34 85
- 13.245616 1 0 ack 40 ------- 1 3.0 0.0 34 85
r 13.246448 2 1 ack 40 ------- 1 3.0 0.0 35 86
+ 13.246448 1 0 ack 40 ------- 1 3.0 0.0 35 86
- 13.246448 1 0 ack 40 ------- 1 3.0 0.0 35 86
r 13.24728 2 1 ack 40 ------- 1 3.0 0.0 36 87
+ 13.24728 1 0 ack 40 ------- 1 3.0 0.0 36 87
- 13.24728 1 0 ack 40 ------- 1 3.0 0.0 36 87
r 13.248112 2 1 ack 40 ------- 1 3.0 0.0 37 88
+ 13.248112 1 0 ack 40 ------- 1 3.0 0.0 37 88
- 13.248112 1 0 ack 40 ------- 1 3.0 0.0 37 88
r 13.248944 2 1 ack 40 ------- 1 3.0 0.0 38 89
+ 13.248944 1 0 ack 40 ------- 1 3.0 0.0 38 89
- 13.248944 1 0 ack 40 ------- 1 3.0 0.0 38 89
r 13.249776 2 1 ack 40 ------- 1 3.0 0.0 39 90
+ 13.249776 1 0 ack 40 ------- 1 3.0 0.0 39 90
- 13.249776 1 0 ack 40 ------- 1 3.0 0.0 39 90
r 13.250608 2 1 ack 40 ------- 1 3.0 0.0 40 91
+ 13.250608 1 0 ack 40 ------- 1 3.0 0.0 40 91
- 13.250608 1 0 ack 40 ------- 1 3.0 0.0 40 91
r 13.25144 2 1 ack 40 ------- 1 3.0 0.0 41 92
+ 13.25144 1 0 ack 40 ------- 1 3.0 0.0 41 92
- 13.25144 1 0 ack 40 ------- 1 3.0 0.0 41 92
r 13.252272 2 1 ack 40 ------- 1 3.0 0.0 42 93
+ 13.252272 1 0 ack 40 ------- 1 3.0 0.0 42 93
- 13.252272 1 0 ack 40 ------- 1 3.0 0.0 42 93
r 13.253104 2 1 ack 40 ------- 1 3.0 0.0 43 94
+ 13.253104 1 0 ack 40 ------- 1 3.0 0.0 43 94
- 13.253104 1 0 ack 40 ------- 1 3.0 0.0 43 94
r 13.253152 1 0 ack 40 ------- 1 3.0 0.0 31 82
+ 13.253152 0 1 tcp 1040 ------- 1 0.0 3.0 51 102
- 13.253152 0 1 tcp 1040 ------- 1 0.0 3.0 51 102
r 13.253936 2 1 ack 40 ------- 1 3.0 0.0 44 95
+ 13.253936 1 0 ack 40 ------- 1 3.0 0.0 44 95
- 13.253936 1 0 ack 40 ------- 1 3.0 0.0 44 95
r 13.253984 1 0 ack 40 ------- 1 3.0 0.0 32 83
+ 13.253984 0 1 tcp 1040 ------- 1 0.0 3.0 52 103
- 13.253984 0 1 tcp 1040 ------- 1 0.0 3.0 52 103
r 13.254768 2 1 ack 40 ------- 1 3.0 0.0 45 96
+ 13.254768 1 0 ack 40 ------- 1 3.0 0.0 45 96
- 13.254768 1 0 ack 40 ------- 1 3.0 0.0 45 96
r 13.254816 1 0 ack 40 ------- 1 3.0 0.0 33 84
+ 13.254816 0 1 tcp 1040 ------- 1 0.0 3.0 53 104
- 13.254816 0 1 tcp 1040 ------- 1 0.0 3.0 53 104
r 13.2556 2 1 ack 40 ------- 1 3.0 0.0 46 97
+ 13.2556 1 0 ack 40 ------- 1 3.0 0.0 46 97
- 13.2556 1 0 ack 40 ------- 1 3.0 0.0 46 97
r 13.255648 1 0 ack 40 ------- 1 3.0 0.0 34 85
+ 13.255648 0 1 tcp 1040 ------- 1 0.0 3.0 54 105
- 13.255648 0 1 tcp 1040 ------- 1 0.0 3.0 54 105
r 13.256432 2 1 ack 40 ------- 1 3.0 0.0 47 98
+ 13.256432 1 0 ack 40 ------- 1 3.0 0.0 47 98
- 13.256432 1 0 ack 40 ------- 1 3.0 0.0 47 98
r 13.25648 1 0 ack 40 ------- 1 3.0 0.0 35 86
+ 13.25648 0 1 tcp 1040 ------- 1 0.0 3.0 55 106
- 13.25648 0 1 tcp 1040 ------- 1 0.0 3.0 55 106
r 13.257264 2 1 ack 40 ------- 1 3.0 0.0 48 99
+ 13.257264 1 0 ack 40 ------- 1 3.0 0.0 48 99
- 13.257264 1 0 ack 40 ------- 1 3.0 0.0 48 99
r 13.257312 1 0 ack 40 ------- 1 3.0 0.0 36 87
+ 13.257312 0 1 tcp 1040 ------- 1 0.0 3.0 56 107
- 13.257312 0 1 tcp 1040 ------- 1 0.0 3.0 56 107
r 13.258096 2 1 ack 40 ------- 1 3.0 0.0 49 100
+ 13.258096 1 0 ack 40 ------- 1 3.0 0.0 49 100
- 13.258096 1 0 ack 40 ------- 1 3.0 0.0 49 100
r 13.258144 1 0 ack 40 ------- 1 3.0 0.0 37 88
+ 13.258144 0 1 tcp 1040 ------- 1 0.0 3.0 57 108
- 13.258144 0 1 tcp 1040 ------- 1 0.0 3.0 57 108
r 13.258928 2 1 ack 40 ------- 1 3.0 0.0 50 101
+ 13.258928 1 0 ack 40 ------- 1 3.0 0.0 50 101
- 13.258928 1 0 ack 40 ------- 1 3.0 0.0 50 101
r 13.258976 1 0 ack 40 ------- 1 3.0 0.0 38 89
+ 13.258976 0 1 tcp 1040 ------- 1 0.0 3.0 58 109
- 13.258976 0 1 tcp 1040 ------- 1 0.0 3.0 58 109
r 13.259808 1 0 ack 40 ------- 1 3.0 0.0 39 90
+ 13.259808 0 1 tcp 1040 ------- 1 0.0 3.0 59 110
- 13.259808 0 1 tcp 1040 ------- 1 0.0 3.0 59 110
r 13.26064 1 0 ack 40 ------- 1 3.0 0.0 40 91
+ 13.26064 0 1 tcp 1040 ------- 1 0.0 3.0 60 111
- 13.26064 0 1 tcp 1040 ------- 1 0.0 3.0 60 111
r 13.261472 1 0 ack 40 ------- 1 3.0 0.0 41 92
+ 13.261472 0 1 tcp 1040 ------- 1 0.0 3.0 61 112
- 13.261472 0 1 tcp 1040 ------- 1 0.0 3.0 61 112
r 13.262304 1 0 ack 40 ------- 1 3.0 0.0 42 93
+ 13.262304 0 1 tcp 1040 ------- 1 0.0 3.0 62 113
- 13.262304 0 1 tcp 1040 ------- 1 0.0 3.0 62 113
r 13.263136 1 0 ack 40 ------- 1 3.0 0.0 43 94
+ 13.263136 0 1 tcp 1040 ------- 1 0.0 3.0 63 114
- 13.263136 0 1 tcp 1040 ------- 1 0.0 3.0 63 114
r 13.263968 1 0 ack 40 ------- 1 3.0 0.0 44 95
+ 13.263968 0 1 tcp 1040 ------- 1 0.0 3.0 64 115
- 13.263968 0 1 tcp 1040 ------- 1 0.0 3.0 64 115
r 13.263984 0 1 tcp 1040 ------- 1 0.0 3.0 51 102
+ 13.263984 1 2 tcp 1040 ------- 1 0.0 3.0 51 102
- 13.263984 1 2 tcp 1040 ------- 1 0.0 3.0 51 102
r 13.2648 1 0 ack 40 ------- 1 3.0 0.0 45 96
+ 13.2648 0 1 tcp 1040 ------- 1 0.0 3.0 65 116
- 13.2648 0 1 tcp 1040 ------- 1 0.0 3.0 65 116
r 13.264816 0 1 tcp 1040 ------- 1 0.0 3.0 52 103
+ 13.264816 1 2 tcp 1040 ------- 1 0.0 3.0 52 103
- 13.264816 1 2 tcp 1040 ------- 1 0.0 3.0 52 103
r 13.265632 1 0 ack 40 ------- 1 3.0 0.0 46 97
+ 13.265632 0 1 tcp 1040 ------- 1 0.0 3.0 66 117
- 13.265632 0 1 tcp 1040 ------- 1 0.0 3.0 66 117
r 13.265648 0 1 tcp 1040 ------- 1 0.0 3.0 53 104
+ 13.265648 1 2 tcp 1040 ------- 1 0.0 3.0 53 104
- 13.265648 1 2 tcp 1040 ------- 1 0.0 3.0 53 104
r 13.266464 1 0 ack 40 ------- 1 3.0 0.0 47 98
+ 13.266464 0 1 tcp 1040 ------- 1 0.0 3.0 67 118
- 13.266464 0 1 tcp 1040 ------- 1 0.0 3.0 67 118
r 13.26648 0 1 tcp 1040 ------- 1 0.0 3.0 54 105
+ 13.26648 1 2 tcp 1040 ------- 1 0.0 3.0 54 105
- 13.26648 1 2 tcp 1040 ------- 1 0.0 3.0 54 105
r 13.267296 1 0 ack 40 ------- 1 3.0 0.0 48 99
+ 13.267296 0 1 tcp 1040 ------- 1 0.0 3.0 68 119
- 13.267296 0 1 tcp 1040 ------- 1 0.0 3.0 68 119
r 13.267312 0 1 tcp 1040 ------- 1 0.0 3.0 55 106
+ 13.267312 1 2 tcp 1040 ------- 1 0.0 3.0 55 106
- 13.267312 1 2 tcp 1040 ------- 1 0.0 3.0 55 106
r 13.268128 1 0 ack 40 ------- 1 3.0 0.0 49 100
+ 13.268128 0 1 tcp 1040 ------- 1 0.0 3.0 69 120
- 13.268128 0 1 tcp 1040 ------- 1 0.0 3.0 69 120
r 13.268144 0 1 tcp 1040 ------- 1 0.0 3.0 56 107
+ 13.268144 1 2 tcp 1040 ------- 1 0.0 3.0 56 107
- 13.268144 1 2 tcp 1040 ------- 1 0.0 3.0 56 107
r 13.26896 1 0 ack 40 ------- 1 3.0 0.0 50 101
+ 13.26896 0 1 tcp 1040 ------- 1 0.0 3.0 70 121
- 13.26896 0 1 tcp 1040 ------- 1 0.0 3.0 70 121
r 13.268976 0 1 tcp 1040 ------- 1 0.0 3.0 57 108
+ 13.268976 1 2 tcp 1040 ------- 1 0.0 3.0 57 108
- 13.268976 1 2 tcp 1040 ------- 1 0.0 3.0 57 108
r 13.269808 0 1 tcp 1040 ------- 1 0.0 3.0 58 109
+ 13.269808 1 2 tcp 1040 ------- 1 0.0 3.0 58 109
- 13.269808 1 2 tcp 1040 ------- 1 0.0 3.0 58 109
r 13.27064 0 1 tcp 1040 ------- 1 0.0 3.0 59 110
+ 13.27064 1 2 tcp 1040 ------- 1 0.0 3.0 59 110
- 13.27064 1 2 tcp 1040 ------- 1 0.0 3.0 59 110
r 13.271472 0 1 tcp 1040 ------- 1 0.0 3.0 60 111
+ 13.271472 1 2 tcp 1040 ------- 1 0.0 3.0 60 111
- 13.271472 1 2 tcp 1040 ------- 1 0.0 3.0 60 111
r 13.272304 0 1 tcp 1040 ------- 1 0.0 3.0 61 112
+ 13.272304 1 2 tcp 1040 ------- 1 0.0 3.0 61 112
- 13.272304 1 2 tcp 1040 ------- 1 0.0 3.0 61 112
r 13.273136 0 1 tcp 1040 ------- 1 0.0 3.0 62 113
+ 13.273136 1 2 tcp 1040 ------- 1 0.0 3.0 62 113
- 13.273136 1 2 tcp 1040 ------- 1 0.0 3.0 62 113
r 13.273968 0 1 tcp 1040 ------- 1 0.0 3.0 63 114
+ 13.273968 1 2 tcp 1040 ------- 1 0.0 3.0 63 114
- 13.273968 1 2 tcp 1040 ------- 1 0.0 3.0 63 114
r 13.2748 0 1 tcp 1040 ------- 1 0.0 3.0 64 115
+ 13.2748 1 2 tcp 1040 ------- 1 0.0 3.0 64 115
- 13.2748 1 2 tcp 1040 ------- 1 0.0 3.0 64 115
r 13.275632 0 1 tcp 1040 ------- 1 0.0 3.0 65 116
+ 13.275632 1 2 tcp 1040 ------- 1 0.0 3.0 65 116
- 13.275632 1 2 tcp 1040 ------- 1 0.0 3.0 65 116
r 13.276464 0 1 tcp 1040 ------- 1 0.0 3.0 66 117
+ 13.276464 1 2 tcp 1040 ------- 1 0.0 3.0 66 117
- 13.276464 1 2 tcp 1040 ------- 1 0.0 3.0 66 117
r 13.277296 0 1 tcp 1040 ------- 1 0.0 3.0 67 118
+ 13.277296 1 2 tcp 1040 ------- 1 0.0 3.0 67 118
- 13.277296 1 2 tcp 1040 ------- 1 0.0 3.0 67 118
r 13.278128 0 1 tcp 1040 ------- 1 0.0 3.0 68 119
+ 13.278128 1 2 tcp 1040 ------- 1 0.0 3.0 68 119
- 13.278128 1 2 tcp 1040 ------- 1 0.0 3.0 68 119
r 13.27896 0 1 tcp 1040 ------- 1 0.0 3.0 69 120
+ 13.27896 1 2 tcp 1040 ------- 1 0.0 3.0 69 120
- 13.27896 1 2 tcp 1040 ------- 1 0.0 3.0 69 120
r 13.279792 0 1 tcp 1040 ------- 1 0.0 3.0 70 121
+ 13.279792 1 2 tcp 1040 ------- 1 0.0 3.0 70 121
- 13.279792 1 2 tcp 1040 ------- 1 0.0 3.0 70 121
r 14.264816 1 2 tcp 1040 ------- 1 0.0 3.0 51 102
+ 14.264816 2 3 tcp 1040 ------- 1 0.0 3.0 51 102
- 14.264816 2 3 tcp 1040 ------- 1 0.0 3.0 51 102
r 14.265648 1 2 tcp 1040 ------- 1 0.0 3.0 52 103
+ 14.265648 2 3 tcp 1040 ------- 1 0.0 3.0 52 103
- 14.265648 2 3 tcp 1040 ------- 1 0.0 3.0 52 103
r 14.26648 1 2 tcp 1040 ------- 1 0.0 3.0 53 104
+ 14.26648 2 3 tcp 1040 ------- 1 0.0 3.0 53 104
- 14.26648 2 3 tcp 1040 ------- 1 0.0 3.0 53 104
r 14.267312 1 2 tcp 1040 ------- 1 0.0 3.0 54 105
+ 14.267312 2 3 tcp 1040 ------- 1 0.0 3.0 54 105
- 14.267312 2 3 tcp 1040 ------- 1 0.0 3.0 54 105
r 14.268144 1 2 tcp 1040 ------- 1 0.0 3.0 55 106
+ 14.268144 2 3 tcp 1040 ------- 1 0.0 3.0 55 106
- 14.268144 2 3 tcp 1040 ------- 1 0.0 3.0 55 106
r 14.268976 1 2 tcp 1040 ------- 1 0.0 3.0 56 107
+ 14.268976 2 3 tcp 1040 ------- 1 0.0 3.0 56 107
- 14.268976 2 3 tcp 1040 ------- 1 0.0 3.0 56 107
r 14.269808 1 2 tcp 1040 ------- 1 0.0 3.0 57 108
+ 14.269808 2 3 tcp 1040 ------- 1 0.0 3.0 57 108
- 14.269808 2 3 tcp 1040 ------- 1 0.0 3.0 57 108
r 14.27064 1 2 tcp 1040 ------- 1 0.0 3.0 58 109
+ 14.27064 2 3 tcp 1040 ------- 1 0.0 3.0 58 109
- 14.27064 2 3 tcp 1040 ------- 1 0.0 3.0 58 109
r 14.271472 1 2 tcp 1040 ------- 1 0.0 3.0 59 110
+ 14.271472 2 3 tcp 1040 ------- 1 0.0 3.0 59 110
- 14.271472 2 3 tcp 1040 ------- 1 0.0 3.0 59 110
r 14.272304 1 2 tcp 1040 ------- 1 0.0 3.0 60 111
+ 14.272304 2 3 tcp 1040 ------- 1 0.0 3.0 60 111
- 14.272304 2 3 tcp 1040 ------- 1 0.0 3.0 60 111
r 14.273136 1 2 tcp 1040 ------- 1 0.0 3.0 61 112
+ 14.273136 2 3 tcp 1040 ------- 1 0.0 3.0 61 112
- 14.273136 2 3 tcp 1040 ------- 1 0.0 3.0 61 112
r 14.273968 1 2 tcp 1040 ------- 1 0.0 3.0 62 113
+ 14.273968 2 3 tcp 1040 ------- 1 0.0 3.0 62 113
- 14.273968 2 3 tcp 1040 ------- 1 0.0 3.0 62 113
r 14.2748 1 2 tcp 1040 ------- 1 0.0 3.0 63 114
+ 14.2748 2 3 tcp 1040 ------- 1 0.0 3.0 63 114
- 14.2748 2 3 tcp 1040 ------- 1 0.0 3.0 63 114
r 14.275632 1 2 tcp 1040 ------- 1 0.0 3.0 64 115
+ 14.275632 2 3 tcp 1040 ------- 1 0.0 3.0 64 115
- 14.275632 2 3 tcp 1040 ------- 1 0.0 3.0 64 115
r 14.275648 2 3 tcp 1040 ------- 1 0.0 3.0 51 102
+ 14.275648 3 2 ack 40 ------- 1 3.0 0.0 51 122
- 14.275648 3 2 ack 40 ------- 1 3.0 0.0 51 122
r 14.276464 1 2 tcp 1040 ------- 1 0.0 3.0 65 116
+ 14.276464 2 3 tcp 1040 ------- 1 0.0 3.0 65 116
- 14.276464 2 3 tcp 1040 ------- 1 0.0 3.0 65 116
r 14.27648 2 3 tcp 1040 ------- 1 0.0 3.0 52 103
+ 14.27648 3 2 ack 40 ------- 1 3.0 0.0 52 123
- 14.27648 3 2 ack 40 ------- 1 3.0 0.0 52 123
r 14.277296 1 2 tcp 1040 ------- 1 0.0 3.0 66 117
+ 14.277296 2 3 tcp 1040 ------- 1 0.0 3.0 66 117
- 14.277296 2 3 tcp 1040 ------- 1 0.0 3.0 66 117
r 14.277312 2 3 tcp 1040 ------- 1 0.0 3.0 53 104
+ 14.277312 3 2 ack 40 ------- 1 3.0 0.0 53 124
- 14.277312 3 2 ack 40 ------- 1 3.0 0.0 53 124
r 14.278128 1 2 tcp 1040 ------- 1 0.0 3.0 67 118
+ 14.278128 2 3 tcp 1040 ------- 1 0.0 3.0 67 118
- 14.278128 2 3 tcp 1040 ------- 1 0.0 3.0 67 118
r 14.278144 2 3 tcp 1040 ------- 1 0.0 3.0 54 105
+ 14.278144 3 2 ack 40 ------- 1 3.0 0.0 54 125
- 14.278144 3 2 ack 40 ------- 1 3.0 0.0 54 125
r 14.27896 1 2 tcp 1040 ------- 1 0.0 3.0 68 119
+ 14.27896 2 3 tcp 1040 ------- 1 0.0 3.0 68 119
- 14.27896 2 3 tcp 1040 ------- 1 0.0 3.0 68 119
r 14.278976 2 3 tcp 1040 ------- 1 0.0 3.0 55 106
+ 14.278976 3 2 ack 40 ------- 1 3.0 0.0 55 126
- 14.278976 3 2 ack 40 ------- 1 3.0 0.0 55 126
r 14.279792 1 2 tcp 1040 ------- 1 0.0 3.0 69 120
+ 14.279792 2 3 tcp 1040 ------- 1 0.0 3.0 69 120
- 14.279792 2 3 tcp 1040 ------- 1 0.0 3.0 69 120
r 14.279808 2 3 tcp 1040 ------- 1 0.0 3.0 56 107
+ 14.279808 3 2 ack 40 ------- 1 3.0 0.0 56 127
- 14.279808 3 2 ack 40 ------- 1 3.0 0.0 56 127
r 14.280624 1 2 tcp 1040 ------- 1 0.0 3.0 70 121
+ 14.280624 2 3 tcp 1040 ------- 1 0.0 3.0 70 121
- 14.280624 2 3 tcp 1040 ------- 1 0.0 3.0 70 121
r 14.28064 2 3 tcp 1040 ------- 1 0.0 3.0 57 108
+ 14.28064 3 2 ack 40 ------- 1 3.0 0.0 57 128
- 14.28064 3 2 ack 40 ------- 1 3.0 0.0 57 128
r 14.281472 2 3 tcp 1040 ------- 1 0.0 3.0 58 109
+ 14.281472 3 2 ack 40 ------- 1 3.0 0.0 58 129
- 14.281472 3 2 ack 40 ------- 1 3.0 0.0 58 129
r 14.282304 2 3 tcp 1040 ------- 1 0.0 3.0 59 110
+ 14.282304 3 2 ack 40 ------- 1 3.0 0.0 59 130
- 14.282304 3 2 ack 40 ------- 1 3.0 0.0 59 130
r 14.283136 2 3 tcp 1040 ------- 1 0.0 3.0 60 111
+ 14.283136 3 2 ack 40 ------- 1 3.0 0.0 60 131
- 14.283136 3 2 ack 40 ------- 1 3.0 0.0 60 131
r 14.283968 2 3 tcp 1040 ------- 1 0.0 3.0 61 112
+ 14.283968 3 2 ack 40 ------- 1 3.0 0.0 61 132
- 14.283968 3 2 ack 40 ------- 1 3.0 0.0 61 132
r 14.2848 2 3 tcp 1040 ------- 1 0.0 3.0 62 113
+ 14.2848 3 2 ack 40 ------- 1 3.0 0.0 62 133
- 14.2848 3 2 ack 40 ------- 1 3.0 0.0 62 133
r 14.285632 2 3 tcp 1040 ------- 1 0.0 3.0 63 114
+ 14.285632 3 2 ack 40 ------- 1 3.0 0.0 63 134
- 14.285632 3 2 ack 40 ------- 1 3.0 0.0 63 134
r 14.28568 3 2 ack 40 ------- 1 3.0 0.0 51 122
+ 14.28568 2 1 ack 40 ------- 1 3.0 0.0 51 122
- 14.28568 2 1 ack 40 ------- 1 3.0 0.0 51 122
r 14.286464 2 3 tcp 1040 ------- 1 0.0 3.0 64 115
+ 14.286464 3 2 ack 40 ------- 1 3.0 0.0 64 135
- 14.286464 3 2 ack 40 ------- 1 3.0 0.0 64 135
r 14.286512 3 2 ack 40 ------- 1 3.0 0.0 52 123
+ 14.286512 2 1 ack 40 ------- 1 3.0 0.0 52 123
- 14.286512 2 1 ack 40 ------- 1 3.0 0.0 52 123
r 14.287296 2 3 tcp 1040 ------- 1 0.0 3.0 65 116
+ 14.287296 3 2 ack 40 ------- 1 3.0 0.0 65 136
- 14.287296 3 2 ack 40 ------- 1 3.0 0.0 65 136
r 14.287344 3 2 ack 40 ------- 1 3.0 0.0 53 124
+ 14.287344 2 1 ack 40 ------- 1 3.0 0.0 53 124
- 14.287344 2 1 ack 40 ------- 1 3.0 0.0 53 124
r 14.288128 2 3 tcp 1040 ------- 1 0.0 3.0 66 117
+ 14.288128 3 2 ack 40 ------- 1 3.0 0.0 66 137
- 14.288128 3 2 ack 40 ------- 1 3.0 0.0 66 137
r 14.288176 3 2 ack 40 ------- 1 3.0 0.0 54 125
+ 14.288176 2 1 ack 40 ------- 1 3.0 0.0 54 125
- 14.288176 2 1 ack 40 ------- 1 3.0 0.0 54 125
r 14.28896 2 3 tcp 1040 ------- 1 0.0 3.0 67 118
+ 14.28896 3 2 ack 40 ------- 1 3.0 0.0 67 138
- 14.28896 3 2 ack 40 ------- 1 3.0 0.0 67 138
r 14.289008 3 2 ack 40 ------- 1 3.0 0.0 55 126
+ 14.289008 2 1 ack 40 ------- 1 3.0 0.0 55 126
- 14.289008 2 1 ack 40 ------- 1 3.0 0.0 55 126
r 14.289792 2 3 tcp 1040 ------- 1 0.0 3.0 68 119
+ 14.289792 3 2 ack 40 ------- 1 3.0 0.0 68 139
- 14.289792 3 2 ack 40 ------- 1 3.0 0.0 68 139
r 14.28984 3 2 ack 40 ------- 1 3.0 0.0 56 127
+ 14.28984 2 1 ack 40 ------- 1 3.0 0.0 56 127
- 14.28984 2 1 ack 40 ------- 1 3.0 0.0 56 127
r 14.290624 2 3 tcp 1040 ------- 1 0.0 3.0 69 120
+ 14.290624 3 2 ack 40 ------- 1 3.0 0.0 69 140
- 14.290624 3 2 ack 40 ------- 1 3.0 0.0 69 140
r 14.290672 3 2 ack 40 ------- 1 3.0 0.0 57 128
+ 14.290672 2 1 ack 40 ------- 1 3.0 0.0 57 128
- 14.290672 2 1 ack 40 ------- 1 3.0 0.0 57 128
r 14.291456 2 3 tcp 1040 ------- 1 0.0 3.0 70 121
+ 14.291456 3 2 ack 40 ------- 1 3.0 0.0 70 141
- 14.291456 3 2 ack 40 ------- 1 3.0 0.0 70 141
r 14.291504 3 2 ack 40 ------- 1 3.0 0.0 58 129
+ 14.291504 2 1 ack 40 ------- 1 3.0 0.0 58 129
- 14.291504 2 1 ack 40 ------- 1 3.0 0.0 58 129
r 14.292336 3 2 ack 40 ------- 1 3.0 0.0 59 130
+ 14.292336 2 1 ack 40 ------- 1 3.0 0.0 59 130
- 14.292336 2 1 ack 40 ------- 1 3.0 0.0 59 130
r 14.293168 3 2 ack 40 ------- 1 3.0 0.0 60 131
+ 14.293168 2 1 ack 40 ------- 1 3.0 0.0 60 131
- 14.293168 2 1 ack 40 ------- 1 3.0 0.0 60 131
r 14.294 3 2 ack 40 ------- 1 3.0 0.0 61 132
+ 14.294 2 1 ack 40 ------- 1 3.0 0.0 61 132
- 14.294 2 1 ack 40 ------- 1 3.0 0.0 61 132
r 14.294832 3 2 ack 40 ------- 1 3.0 0.0 62 133
+ 14.294832 2 1 ack 40 ------- 1 3.0 0.0 62 133
- 14.294832 2 1 ack 40 ------- 1 3.0 0.0 62 133
r 14.295664 3 2 ack 40 ------- 1 3.0 0.0 63 134
+ 14.295664 2 1 ack 40 ------- 1 3.0 0.0 63 134
- 14.295664 2 1 ack 40 ------- 1 3.0 0.0 63 134
r 14.296496 3 2 ack 40 ------- 1 3.0 0.0 64 135
+ 14.296496 2 1 ack 40 ------- 1 3.0 0.0 64 135
- 14.296496 2 1 ack 40 ------- 1 3.0 0.0 64 135
r 14.297328 3 2 ack 40 ------- 1 3.0 0.0 65 136
+ 14.297328 2 1 ack 40 ------- 1 3.0 0.0 65 136
- 14.297328 2 1 ack 40 ------- 1 3.0 0.0 65 136
r 14.29816 3 2 ack 40 ------- 1 3.0 0.0 66 137
+ 14.29816 2 1 ack 40 ------- 1 3.0 0.0 66 137
- 14.29816 2 1 ack 40 ------- 1 3.0 0.0 66 137
r 14.298992 3 2 ack 40 ------- 1 3.0 0.0 67 138
+ 14.298992 2 1 ack 40 ------- 1 3.0 0.0 67 138
- 14.298992 2 1 ack 40 ------- 1 3.0 0.0 67 138
r 14.299824 3 2 ack 40 ------- 1 3.0 0.0 68 139
+ 14.299824 2 1 ack 40 ------- 1 3.0 0.0 68 139
- 14.299824 2 1 ack 40 ------- 1 3.0 0.0 68 139
r 14.300656 3 2 ack 40 ------- 1 3.0 0.0 69 140
+ 14.300656 2 1 ack 40 ------- 1 3.0 0.0 69 140
- 14.300656 2 1 ack 40 ------- 1 3.0 0.0 69 140
r 14.301488 3 2 ack 40 ------- 1 3.0 0.0 70 141
+ 14.301488 2 1 ack 40 ------- 1 3.0 0.0 70 141
- 14.301488 2 1 ack 40 ------- 1 3.0 0.0 70 141
r 15.285712 2 1 ack 40 ------- 1 3.0 0.0 51 122
+ 15.285712 1 0 ack 40 ------- 1 3.0 0.0 51 122
- 15.285712 1 0 ack 40 ------- 1 3.0 0.0 51 122
r 15.286544 2 1 ack 40 ------- 1 3.0 0.0 52 123
+ 15.286544 1 0 ack 40 ------- 1 3.0 0.0 52 123
- 15.286544 1 0 ack 40 ------- 1 3.0 0.0 52 123
r 15.287376 2 1 ack 40 ------- 1 3.0 0.0 53 124
+ 15.287376 1 0 ack 40 ------- 1 3.0 0.0 53 124
- 15.287376 1 0 ack 40 ------- 1 3.0 0.0 53 124
r 15.288208 2 1 ack 40 ------- 1 3.0 0.0 54 125
+ 15.288208 1 0 ack 40 ------- 1 3.0 0.0 54 125
- 15.288208 1 0 ack 40 ------- 1 3.0 0.0 54 125
r 15.28904 2 1 ack 40 ------- 1 3.0 0.0 55 126
+ 15.28904 1 0 ack 40 ------- 1 3.0 0.0 55 126
- 15.28904 1 0 ack 40 ------- 1 3.0 0.0 55 126
r 15.289872 2 1 ack 40 ------- 1 3.0 0.0 56 127
+ 15.289872 1 0 ack 40 ------- 1 3.0 0.0 56 127
- 15.289872 1 0 ack 40 ------- 1 3.0 0.0 56 127
r 15.290704 2 1 ack 40 ------- 1 3.0 0.0 57 128
+ 15.290704 1 0 ack 40 ------- 1 3.0 0.0 57 128
- 15.290704 1 0 ack 40 ------- 1 3.0 0.0 57 128
r 15.291536 2 1 ack 40 ------- 1 3.0 0.0 58 129
+ 15.291536 1 0 ack 40 ------- 1 3.0 0.0 58 129
- 15.291536 1 0 ack 40 ------- 1 3.0 0.0 58 129
r 15.292368 2 1 ack 40 ------- 1 3.0 0.0 59 130
+ 15.292368 1 0 ack 40 ------- 1 3.0 0.0 59 130
- 15.292368 1 0 ack 40 ------- 1 3.0 0.0 59 130
r 15.2932 2 1 ack 40 ------- 1 3.0 0.0 60 131
+ 15.2932 1 0 ack 40 ------- 1 3.0 0.0 60 131
- 15.2932 1 0 ack 40 ------- 1 3.0 0.0 60 131
r 15.294032 2 1 ack 40 ------- 1 3.0 0.0 61 132
+ 15.294032 1 0 ack 40 ------- 1 3.0 0.0 61 132
- 15.294032 1 0 ack 40 ------- 1 3.0 0.0 61 132
r 15.294864 2 1 ack 40 ------- 1 3.0 0.0 62 133
+ 15.294864 1 0 ack 40 ------- 1 3.0 0.0 62 133
- 15.294864 1 0 ack 40 ------- 1 3.0 0.0 62 133
r 15.295696 2 1 ack 40 ------- 1 3.0 0.0 63 134
+ 15.295696 1 0 ack 40 ------- 1 3.0 0.0 63 134
- 15.295696 1 0 ack 40 ------- 1 3.0 0.0 63 134
r 15.295744 1 0 ack 40 ------- 1 3.0 0.0 51 122
r 15.296528 2 1 ack 40 ------- 1 3.0 0.0 64 135
+ 15.296528 1 0 ack 40 ------- 1 3.0 0.0 64 135
- 15.296528 1 0 ack 40 ------- 1 3.0 0.0 64 135
r 15.296576 1 0 ack 40 ------- 1 3.0 0.0 52 123
r 15.29736 2 1 ack 40 ------- 1 3.0 0.0 65 136
+ 15.29736 1 0 ack 40 ------- 1 3.0 0.0 65 136
- 15.29736 1 0 ack 40 ------- 1 3.0 0.0 65 136
r 15.297408 1 0 ack 40 ------- 1 3.0 0.0 53 124
r 15.298192 2 1 ack 40 ------- 1 3.0 0.0 66 137
+ 15.298192 1 0 ack 40 ------- 1 3.0 0.0 66 137
- 15.298192 1 0 ack 40 ------- 1 3.0 0.0 66 137
r 15.29824 1 0 ack 40 ------- 1 3.0 0.0 54 125
r 15.299024 2 1 ack 40 ------- 1 3.0 0.0 67 138
+ 15.299024 1 0 ack 40 ------- 1 3.0 0.0 67 138
- 15.299024 1 0 ack 40 ------- 1 3.0 0.0 67 138
r 15.299072 1 0 ack 40 ------- 1 3.0 0.0 55 126
r 15.299856 2 1 ack 40 ------- 1 3.0 0.0 68 139
+ 15.299856 1 0 ack 40 ------- 1 3.0 0.0 68 139
- 15.299856 1 0 ack 40 ------- 1 3.0 0.0 68 139
r 15.299904 1 0 ack 40 ------- 1 3.0 0.0 56 127
r 15.300688 2 1 ack 40 ------- 1 3.0 0.0 69 140
+ 15.300688 1 0 ack 40 ------- 1 3.0 0.0 69 140
- 15.300688 1 0 ack 40 ------- 1 3.0 0.0 69 140
r 15.300736 1 0 ack 40 ------- 1 3.0 0.0 57 128
r 15.30152 2 1 ack 40 ------- 1 3.0 0.0 70 141
+ 15.30152 1 0 ack 40 ------- 1 3.0 0.0 70 141
- 15.30152 1 0 ack 40 ------- 1 3.0 0.0 70 141
r 15.301568 1 0 ack 40 ------- 1 3.0 0.0 58 129
r 15.3024 1 0 ack 40 ------- 1 3.0 0.0 59 130
r 15.303232 1 0 ack 40 ------- 1 3.0 0.0 60 131
r 15.304064 1 0 ack 40 ------- 1 3.0 0.0 61 132
r 15.304896 1 0 ack 40 ------- 1 3.0 0.0 62 133
r 15.305728 1 0 ack 40 ------- 1 3.0 0.0 63 134
r 15.30656 1 0 ack 40 ------- 1 3.0 0.0 64 135
r 15.307392 1 0 ack 40 ------- 1 3.0 0.0 65 136
r 15.308224 1 0 ack 40 ------- 1 3.0 0.0 66 137
r 15.309056 1 0 ack 40 ------- 1 3.0 0.0 67 138
r 15.309888 1 0 ack 40 ------- 1 3.0 0.0 68 139
r 15.31072 1 0 ack 40 ------- 1 3.0 0.0 69 140
r 15.311552 1 0 ack 40 ------- 1 3.0 0.0 70 141
